[2025-05-03 20:25:02] [BatteryMonitor] [INFO] BatteryMonitor started: level=100%, drain_rate=1% per 3.0 seconds
[2025-05-03 20:25:05] [BatteryMonitor] [DEBUG] Battery level: 99%
[2025-05-03 20:25:08] [BatteryMonitor] [DEBUG] Battery level: 98%
[2025-05-03 20:25:11] [BatteryMonitor] [DEBUG] Battery level: 97%
[2025-05-03 20:25:14] [BatteryMonitor] [DEBUG] Battery level: 96%
[2025-05-03 20:25:17] [BatteryMonitor] [DEBUG] Battery level: 95%
[2025-05-03 20:25:20] [BatteryMonitor] [DEBUG] Battery level: 94%
[2025-05-03 20:25:23] [BatteryMonitor] [DEBUG] Battery level: 93%
[2025-05-03 21:21:17] [BatteryMonitor] [INFO] BatteryMonitor started: level=100%, drain_rate=1% per 3.0 seconds
[2025-05-03 21:21:20] [BatteryMonitor] [DEBUG] Battery level: 99%
[2025-05-03 21:21:23] [BatteryMonitor] [DEBUG] Battery level: 98%
[2025-05-03 21:21:26] [BatteryMonitor] [DEBUG] Battery level: 97%
[2025-05-03 21:21:29] [BatteryMonitor] [DEBUG] Battery level: 96%
[2025-05-03 21:21:32] [BatteryMonitor] [DEBUG] Battery level: 95%
[2025-05-03 21:21:35] [BatteryMonitor] [DEBUG] Battery level: 94%
[2025-05-03 21:21:38] [BatteryMonitor] [DEBUG] Battery level: 93%
[2025-05-03 21:21:41] [BatteryMonitor] [DEBUG] Battery level: 92%
[2025-05-03 21:21:44] [BatteryMonitor] [DEBUG] Battery level: 91%
[2025-05-03 21:21:47] [BatteryMonitor] [DEBUG] Battery level: 90%
[2025-05-03 21:21:50] [BatteryMonitor] [DEBUG] Battery level: 89%
[2025-05-03 21:21:53] [BatteryMonitor] [DEBUG] Battery level: 88%
[2025-05-03 21:21:56] [BatteryMonitor] [DEBUG] Battery level: 87%
[2025-05-03 21:21:59] [BatteryMonitor] [DEBUG] Battery level: 86%
[2025-05-03 21:22:02] [BatteryMonitor] [DEBUG] Battery level: 85%
[2025-05-03 21:22:05] [BatteryMonitor] [DEBUG] Battery level: 84%
[2025-05-03 21:22:08] [BatteryMonitor] [DEBUG] Battery level: 83%
[2025-05-03 21:22:11] [BatteryMonitor] [DEBUG] Battery level: 82%
[2025-05-03 21:22:14] [BatteryMonitor] [DEBUG] Battery level: 81%
[2025-05-03 21:22:17] [BatteryMonitor] [DEBUG] Battery level: 80%
[2025-05-03 21:22:20] [BatteryMonitor] [DEBUG] Battery level: 79%
[2025-05-03 21:22:23] [BatteryMonitor] [DEBUG] Battery level: 78%
[2025-05-03 21:22:26] [BatteryMonitor] [DEBUG] Battery level: 77%
[2025-05-03 21:38:09] [BatteryMonitor] [INFO] BatteryMonitor started: level=100%, drain_rate=1% per 3.0 seconds
[2025-05-03 21:38:12] [BatteryMonitor] [DEBUG] Battery level: 99%
[2025-05-03 21:38:15] [BatteryMonitor] [DEBUG] Battery level: 98%
[2025-05-03 21:38:18] [BatteryMonitor] [DEBUG] Battery level: 97%
[2025-05-03 21:38:21] [BatteryMonitor] [DEBUG] Battery level: 96%
[2025-05-03 21:38:24] [BatteryMonitor] [DEBUG] Battery level: 95%
[2025-05-03 21:38:27] [BatteryMonitor] [DEBUG] Battery level: 94%
[2025-05-03 21:38:30] [BatteryMonitor] [DEBUG] Battery level: 93%
[2025-05-03 21:38:33] [BatteryMonitor] [DEBUG] Battery level: 92%
[2025-05-03 21:38:36] [BatteryMonitor] [DEBUG] Battery level: 91%
[2025-05-03 21:38:39] [BatteryMonitor] [DEBUG] Battery level: 90%
[2025-05-03 21:38:42] [BatteryMonitor] [DEBUG] Battery level: 89%
[2025-05-03 21:38:45] [BatteryMonitor] [DEBUG] Battery level: 88%
[2025-05-03 21:38:48] [BatteryMonitor] [DEBUG] Battery level: 87%
[2025-05-03 21:38:51] [BatteryMonitor] [DEBUG] Battery level: 86%
[2025-05-03 21:38:54] [BatteryMonitor] [DEBUG] Battery level: 85%
[2025-05-03 21:43:16] [BatteryMonitor] [INFO] BatteryMonitor started: level=100%, drain_rate=1% per 3.0 seconds
[2025-05-03 21:43:19] [BatteryMonitor] [DEBUG] Battery level: 99%
[2025-05-03 21:43:22] [BatteryMonitor] [DEBUG] Battery level: 98%
[2025-05-03 21:43:25] [BatteryMonitor] [DEBUG] Battery level: 97%
[2025-05-03 21:43:28] [BatteryMonitor] [DEBUG] Battery level: 96%
[2025-05-03 21:43:31] [BatteryMonitor] [DEBUG] Battery level: 95%
[2025-05-03 21:43:34] [BatteryMonitor] [DEBUG] Battery level: 94%
[2025-05-03 21:43:37] [BatteryMonitor] [DEBUG] Battery level: 93%
[2025-05-03 21:43:40] [BatteryMonitor] [DEBUG] Battery level: 92%
[2025-05-03 21:43:43] [BatteryMonitor] [DEBUG] Battery level: 91%
[2025-05-03 21:43:46] [BatteryMonitor] [DEBUG] Battery level: 90%
[2025-05-03 21:43:49] [BatteryMonitor] [DEBUG] Battery level: 89%
[2025-05-03 21:43:52] [BatteryMonitor] [DEBUG] Battery level: 88%
[2025-05-03 21:43:55] [BatteryMonitor] [DEBUG] Battery level: 87%
[2025-05-03 21:43:58] [BatteryMonitor] [DEBUG] Battery level: 86%
[2025-05-03 21:44:01] [BatteryMonitor] [DEBUG] Battery level: 85%
[2025-05-03 21:44:04] [BatteryMonitor] [DEBUG] Battery level: 84%
[2025-05-03 21:44:07] [BatteryMonitor] [DEBUG] Battery level: 83%
[2025-05-03 21:44:10] [BatteryMonitor] [DEBUG] Battery level: 82%
[2025-05-03 21:44:13] [BatteryMonitor] [DEBUG] Battery level: 81%
[2025-05-03 21:44:16] [BatteryMonitor] [DEBUG] Battery level: 80%
[2025-05-03 21:44:19] [BatteryMonitor] [DEBUG] Battery level: 79%
[2025-05-17 16:41:11] [BatteryMonitor] [INFO] BatteryMonitor started: level=100%, drain_rate=1% per 3.0 seconds
[2025-05-17 16:41:14] [BatteryMonitor] [DEBUG] Battery level: 99%
[2025-05-17 16:41:17] [BatteryMonitor] [DEBUG] Battery level: 98%
[2025-05-17 16:44:39] [BatteryMonitor] [INFO] BatteryMonitor started: level=100%, drain_rate=1% per 3.0 seconds
[2025-05-17 16:44:42] [BatteryMonitor] [DEBUG] Battery level: 99%
[2025-05-17 16:44:45] [BatteryMonitor] [DEBUG] Battery level: 98%
[2025-05-17 16:44:48] [BatteryMonitor] [DEBUG] Battery level: 97%
[2025-05-17 16:44:51] [BatteryMonitor] [DEBUG] Battery level: 96%
[2025-05-17 16:44:54] [BatteryMonitor] [DEBUG] Battery level: 95%
[2025-05-17 16:44:57] [BatteryMonitor] [DEBUG] Battery level: 94%
[2025-05-17 16:45:00] [BatteryMonitor] [DEBUG] Battery level: 93%
[2025-05-17 16:45:03] [BatteryMonitor] [DEBUG] Battery level: 92%
[2025-05-17 16:45:06] [BatteryMonitor] [DEBUG] Battery level: 91%
[2025-05-17 17:11:59] [BatteryMonitor] [INFO] BatteryMonitor started: level=100%, drain_rate=1% per 3.0 seconds
[2025-05-17 17:12:02] [BatteryMonitor] [DEBUG] Battery level: 99%
[2025-05-17 17:12:05] [BatteryMonitor] [DEBUG] Battery level: 98%
[2025-05-17 17:12:08] [BatteryMonitor] [DEBUG] Battery level: 97%
[2025-05-17 17:12:11] [BatteryMonitor] [DEBUG] Battery level: 96%
[2025-05-17 17:12:14] [BatteryMonitor] [DEBUG] Battery level: 95%
[2025-05-17 17:12:17] [BatteryMonitor] [DEBUG] Battery level: 94%
[2025-05-17 17:12:20] [BatteryMonitor] [DEBUG] Battery level: 93%
[2025-05-17 17:12:23] [BatteryMonitor] [DEBUG] Battery level: 92%
[2025-05-17 17:12:26] [BatteryMonitor] [DEBUG] Battery level: 91%
[2025-05-17 17:12:29] [BatteryMonitor] [DEBUG] Battery level: 90%
[2025-05-17 17:12:32] [BatteryMonitor] [DEBUG] Battery level: 89%
[2025-05-17 17:12:35] [BatteryMonitor] [DEBUG] Battery level: 88%
[2025-05-17 17:12:38] [BatteryMonitor] [DEBUG] Battery level: 87%
[2025-05-17 17:12:41] [BatteryMonitor] [DEBUG] Battery level: 86%
[2025-05-17 17:12:44] [BatteryMonitor] [DEBUG] Battery level: 85%
[2025-05-17 17:12:47] [BatteryMonitor] [DEBUG] Battery level: 84%
[2025-05-17 17:12:50] [BatteryMonitor] [DEBUG] Battery level: 83%
[2025-05-17 17:12:53] [BatteryMonitor] [DEBUG] Battery level: 82%
[2025-05-17 17:12:56] [BatteryMonitor] [DEBUG] Battery level: 81%
[2025-05-17 17:12:59] [BatteryMonitor] [DEBUG] Battery level: 80%
[2025-05-17 17:13:02] [BatteryMonitor] [DEBUG] Battery level: 79%
[2025-05-17 17:13:05] [BatteryMonitor] [DEBUG] Battery level: 78%
[2025-05-17 17:13:08] [BatteryMonitor] [DEBUG] Battery level: 77%
[2025-05-17 17:13:11] [BatteryMonitor] [DEBUG] Battery level: 76%
[2025-05-17 17:13:14] [BatteryMonitor] [DEBUG] Battery level: 75%
[2025-05-17 17:13:17] [BatteryMonitor] [DEBUG] Battery level: 74%
[2025-05-17 17:13:20] [BatteryMonitor] [DEBUG] Battery level: 73%
[2025-05-17 17:13:23] [BatteryMonitor] [DEBUG] Battery level: 72%
[2025-05-17 17:13:26] [BatteryMonitor] [DEBUG] Battery level: 71%
[2025-05-17 17:13:29] [BatteryMonitor] [DEBUG] Battery level: 70%
[2025-05-17 17:13:32] [BatteryMonitor] [DEBUG] Battery level: 69%
[2025-05-17 17:13:35] [BatteryMonitor] [DEBUG] Battery level: 68%
[2025-05-17 17:13:38] [BatteryMonitor] [DEBUG] Battery level: 67%
[2025-05-17 17:13:41] [BatteryMonitor] [DEBUG] Battery level: 66%
[2025-05-17 17:13:44] [BatteryMonitor] [DEBUG] Battery level: 65%
[2025-05-17 17:13:47] [BatteryMonitor] [DEBUG] Battery level: 64%
[2025-05-17 17:13:50] [BatteryMonitor] [DEBUG] Battery level: 63%
[2025-05-17 17:13:53] [BatteryMonitor] [DEBUG] Battery level: 62%
[2025-05-17 17:13:56] [BatteryMonitor] [DEBUG] Battery level: 61%
[2025-05-17 17:13:59] [BatteryMonitor] [DEBUG] Battery level: 60%
[2025-05-17 17:14:02] [BatteryMonitor] [DEBUG] Battery level: 59%
[2025-05-17 17:14:05] [BatteryMonitor] [DEBUG] Battery level: 58%
[2025-05-17 17:14:08] [BatteryMonitor] [DEBUG] Battery level: 57%
[2025-05-17 17:14:11] [BatteryMonitor] [DEBUG] Battery level: 56%
[2025-05-17 17:14:14] [BatteryMonitor] [DEBUG] Battery level: 55%
[2025-05-17 17:14:17] [BatteryMonitor] [DEBUG] Battery level: 54%
[2025-05-17 17:14:20] [BatteryMonitor] [DEBUG] Battery level: 53%
[2025-05-17 17:14:23] [BatteryMonitor] [DEBUG] Battery level: 52%
[2025-05-17 17:14:26] [BatteryMonitor] [DEBUG] Battery level: 51%
[2025-05-17 17:14:29] [BatteryMonitor] [DEBUG] Battery level: 50%
[2025-05-17 17:14:32] [BatteryMonitor] [DEBUG] Battery level: 49%
[2025-05-17 17:14:35] [BatteryMonitor] [DEBUG] Battery level: 48%
[2025-05-17 17:14:38] [BatteryMonitor] [DEBUG] Battery level: 47%
[2025-05-17 17:14:41] [BatteryMonitor] [DEBUG] Battery level: 46%
[2025-05-17 17:14:44] [BatteryMonitor] [DEBUG] Battery level: 45%
[2025-05-17 17:14:47] [BatteryMonitor] [DEBUG] Battery level: 44%
[2025-05-17 17:14:50] [BatteryMonitor] [DEBUG] Battery level: 43%
[2025-05-17 17:14:53] [BatteryMonitor] [DEBUG] Battery level: 42%
[2025-05-17 17:14:56] [BatteryMonitor] [DEBUG] Battery level: 41%
[2025-05-17 17:14:59] [BatteryMonitor] [DEBUG] Battery level: 40%
[2025-05-17 17:15:02] [BatteryMonitor] [DEBUG] Battery level: 39%
[2025-05-17 17:15:05] [BatteryMonitor] [DEBUG] Battery level: 38%
[2025-05-17 17:15:08] [BatteryMonitor] [DEBUG] Battery level: 37%
[2025-05-17 17:15:11] [BatteryMonitor] [DEBUG] Battery level: 36%
[2025-05-17 17:15:14] [BatteryMonitor] [DEBUG] Battery level: 35%
[2025-05-17 17:15:17] [BatteryMonitor] [DEBUG] Battery level: 34%
[2025-05-17 17:15:20] [BatteryMonitor] [DEBUG] Battery level: 33%
[2025-05-17 17:15:23] [BatteryMonitor] [DEBUG] Battery level: 32%
[2025-05-17 17:15:26] [BatteryMonitor] [DEBUG] Battery level: 31%
[2025-05-17 17:15:29] [BatteryMonitor] [DEBUG] Battery level: 30%
[2025-05-17 17:15:32] [BatteryMonitor] [DEBUG] Battery level: 29%
[2025-05-17 17:15:35] [BatteryMonitor] [DEBUG] Battery level: 28%
[2025-05-17 17:15:38] [BatteryMonitor] [DEBUG] Battery level: 27%
[2025-05-17 17:15:41] [BatteryMonitor] [DEBUG] Battery level: 26%
[2025-05-17 17:15:44] [BatteryMonitor] [DEBUG] Battery level: 25%
[2025-05-17 17:15:47] [BatteryMonitor] [DEBUG] Battery level: 24%
[2025-05-17 17:15:50] [BatteryMonitor] [DEBUG] Battery level: 23%
[2025-05-17 17:15:53] [BatteryMonitor] [DEBUG] Battery level: 22%
[2025-05-17 17:15:56] [BatteryMonitor] [DEBUG] Battery level: 21%
[2025-05-17 17:15:59] [BatteryMonitor] [DEBUG] Battery level: 20%
[2025-05-17 17:15:59] [BatteryMonitor] [WARNING] Battery low (20%), triggering RETURN_HOME
[2025-05-17 17:16:02] [BatteryMonitor] [DEBUG] Battery level: 19%
[2025-05-17 17:16:02] [BatteryMonitor] [WARNING] Battery low (19%), triggering RETURN_HOME
[2025-05-17 17:16:05] [BatteryMonitor] [DEBUG] Battery level: 18%
[2025-05-17 17:16:05] [BatteryMonitor] [WARNING] Battery low (18%), triggering RETURN_HOME
[2025-05-17 17:16:08] [BatteryMonitor] [DEBUG] Battery level: 17%
[2025-05-17 17:16:08] [BatteryMonitor] [WARNING] Battery low (17%), triggering RETURN_HOME
[2025-05-17 17:16:11] [BatteryMonitor] [DEBUG] Battery level: 16%
[2025-05-17 17:16:11] [BatteryMonitor] [WARNING] Battery low (16%), triggering RETURN_HOME
[2025-05-17 17:16:14] [BatteryMonitor] [DEBUG] Battery level: 15%
[2025-05-17 17:16:14] [BatteryMonitor] [WARNING] Battery low (15%), triggering RETURN_HOME
[2025-05-17 17:16:17] [BatteryMonitor] [DEBUG] Battery level: 14%
[2025-05-17 17:16:17] [BatteryMonitor] [WARNING] Battery low (14%), triggering RETURN_HOME
[2025-05-17 17:16:20] [BatteryMonitor] [DEBUG] Battery level: 13%
[2025-05-17 17:16:20] [BatteryMonitor] [WARNING] Battery low (13%), triggering RETURN_HOME
[2025-05-17 17:16:23] [BatteryMonitor] [DEBUG] Battery level: 12%
[2025-05-17 17:16:23] [BatteryMonitor] [WARNING] Battery low (12%), triggering RETURN_HOME
[2025-05-17 17:16:26] [BatteryMonitor] [DEBUG] Battery level: 11%
[2025-05-17 17:16:26] [BatteryMonitor] [WARNING] Battery low (11%), triggering RETURN_HOME
[2025-05-17 17:16:29] [BatteryMonitor] [DEBUG] Battery level: 10%
[2025-05-17 17:16:29] [BatteryMonitor] [WARNING] Battery low (10%), triggering RETURN_HOME
[2025-05-17 17:16:32] [BatteryMonitor] [DEBUG] Battery level: 9%
[2025-05-17 17:16:32] [BatteryMonitor] [WARNING] Battery low (9%), triggering RETURN_HOME
[2025-05-17 17:16:35] [BatteryMonitor] [DEBUG] Battery level: 8%
[2025-05-17 17:16:35] [BatteryMonitor] [WARNING] Battery low (8%), triggering RETURN_HOME
[2025-05-17 17:16:38] [BatteryMonitor] [DEBUG] Battery level: 7%
[2025-05-17 17:16:38] [BatteryMonitor] [WARNING] Battery low (7%), triggering RETURN_HOME
[2025-05-17 17:16:41] [BatteryMonitor] [DEBUG] Battery level: 6%
[2025-05-17 17:16:41] [BatteryMonitor] [WARNING] Battery low (6%), triggering RETURN_HOME
[2025-05-17 17:16:44] [BatteryMonitor] [DEBUG] Battery level: 5%
[2025-05-17 17:16:44] [BatteryMonitor] [WARNING] Battery low (5%), triggering RETURN_HOME
[2025-05-17 17:16:47] [BatteryMonitor] [DEBUG] Battery level: 4%
[2025-05-17 17:16:47] [BatteryMonitor] [WARNING] Battery low (4%), triggering RETURN_HOME
[2025-05-17 17:16:50] [BatteryMonitor] [DEBUG] Battery level: 3%
[2025-05-17 17:16:50] [BatteryMonitor] [WARNING] Battery low (3%), triggering RETURN_HOME
[2025-05-17 17:16:53] [BatteryMonitor] [DEBUG] Battery level: 2%
[2025-05-17 17:16:53] [BatteryMonitor] [WARNING] Battery low (2%), triggering RETURN_HOME
[2025-05-17 17:16:56] [BatteryMonitor] [DEBUG] Battery level: 1%
[2025-05-17 17:16:56] [BatteryMonitor] [WARNING] Battery low (1%), triggering RETURN_HOME
[2025-05-17 17:16:59] [BatteryMonitor] [DEBUG] Battery level: 0%
[2025-05-17 17:16:59] [BatteryMonitor] [WARNING] Battery low (0%), triggering RETURN_HOME
[2025-05-17 17:16:59] [BatteryMonitor] [INFO] BatteryMonitor stopped at level=0%
[2025-05-17 17:22:11] [BatteryMonitor] [INFO] BatteryMonitor started: level=100%, drain_rate=1% per 3.0 seconds
[2025-05-17 17:22:57] [BatteryMonitor] [INFO] BatteryMonitor started: level=100%, drain_rate=1% per 3.0 seconds
[2025-05-17 17:23:00] [BatteryMonitor] [DEBUG] Battery level: 99%
[2025-05-17 17:23:03] [BatteryMonitor] [DEBUG] Battery level: 98%
[2025-05-17 17:23:06] [BatteryMonitor] [DEBUG] Battery level: 97%
[2025-05-17 17:23:09] [BatteryMonitor] [DEBUG] Battery level: 96%
[2025-05-17 17:23:12] [BatteryMonitor] [DEBUG] Battery level: 95%
[2025-05-17 17:23:15] [BatteryMonitor] [DEBUG] Battery level: 94%
[2025-05-17 17:23:18] [BatteryMonitor] [DEBUG] Battery level: 93%
[2025-05-17 17:23:21] [BatteryMonitor] [DEBUG] Battery level: 92%
[2025-05-17 17:23:24] [BatteryMonitor] [DEBUG] Battery level: 91%
[2025-05-17 17:23:27] [BatteryMonitor] [DEBUG] Battery level: 90%
[2025-05-17 17:23:30] [BatteryMonitor] [DEBUG] Battery level: 89%
[2025-05-17 17:23:33] [BatteryMonitor] [DEBUG] Battery level: 88%
[2025-05-17 17:23:36] [BatteryMonitor] [DEBUG] Battery level: 87%
[2025-05-17 17:23:39] [BatteryMonitor] [DEBUG] Battery level: 86%
[2025-05-17 17:23:42] [BatteryMonitor] [DEBUG] Battery level: 85%
[2025-05-17 17:23:45] [BatteryMonitor] [DEBUG] Battery level: 84%
[2025-05-17 17:23:48] [BatteryMonitor] [DEBUG] Battery level: 83%
[2025-05-17 17:23:51] [BatteryMonitor] [DEBUG] Battery level: 82%
[2025-05-17 17:23:54] [BatteryMonitor] [DEBUG] Battery level: 81%
[2025-05-17 17:23:57] [BatteryMonitor] [DEBUG] Battery level: 80%
[2025-05-17 17:24:00] [BatteryMonitor] [DEBUG] Battery level: 79%
[2025-05-17 17:24:03] [BatteryMonitor] [DEBUG] Battery level: 78%
[2025-05-17 17:24:06] [BatteryMonitor] [DEBUG] Battery level: 77%
[2025-05-17 17:24:09] [BatteryMonitor] [DEBUG] Battery level: 76%
[2025-05-17 17:24:12] [BatteryMonitor] [DEBUG] Battery level: 75%
[2025-05-17 17:24:15] [BatteryMonitor] [DEBUG] Battery level: 74%
[2025-05-17 17:24:18] [BatteryMonitor] [DEBUG] Battery level: 73%
[2025-05-17 17:24:21] [BatteryMonitor] [DEBUG] Battery level: 72%
[2025-05-17 17:24:24] [BatteryMonitor] [DEBUG] Battery level: 71%
[2025-05-17 17:24:27] [BatteryMonitor] [DEBUG] Battery level: 70%
[2025-05-17 17:24:30] [BatteryMonitor] [DEBUG] Battery level: 69%
[2025-05-17 17:24:33] [BatteryMonitor] [DEBUG] Battery level: 68%
[2025-05-17 17:24:36] [BatteryMonitor] [DEBUG] Battery level: 67%
[2025-05-17 17:24:39] [BatteryMonitor] [DEBUG] Battery level: 66%
[2025-05-17 17:24:42] [BatteryMonitor] [DEBUG] Battery level: 65%
[2025-05-17 17:24:45] [BatteryMonitor] [DEBUG] Battery level: 64%
[2025-05-17 17:24:48] [BatteryMonitor] [DEBUG] Battery level: 63%
[2025-05-17 17:24:51] [BatteryMonitor] [DEBUG] Battery level: 62%
[2025-05-17 17:24:54] [BatteryMonitor] [DEBUG] Battery level: 61%
[2025-05-17 17:24:57] [BatteryMonitor] [DEBUG] Battery level: 60%
[2025-05-17 17:25:00] [BatteryMonitor] [DEBUG] Battery level: 59%
[2025-05-17 17:25:03] [BatteryMonitor] [DEBUG] Battery level: 58%
[2025-05-17 17:25:06] [BatteryMonitor] [DEBUG] Battery level: 57%
[2025-05-17 17:25:09] [BatteryMonitor] [DEBUG] Battery level: 56%
[2025-05-17 17:25:12] [BatteryMonitor] [DEBUG] Battery level: 55%
[2025-05-17 17:25:15] [BatteryMonitor] [DEBUG] Battery level: 54%
[2025-05-17 17:25:18] [BatteryMonitor] [DEBUG] Battery level: 53%
[2025-05-17 17:25:21] [BatteryMonitor] [DEBUG] Battery level: 52%
[2025-05-17 17:25:24] [BatteryMonitor] [DEBUG] Battery level: 51%
[2025-05-17 17:25:27] [BatteryMonitor] [DEBUG] Battery level: 50%
[2025-05-17 17:25:30] [BatteryMonitor] [DEBUG] Battery level: 49%
[2025-05-17 17:25:33] [BatteryMonitor] [DEBUG] Battery level: 48%
[2025-05-17 17:25:36] [BatteryMonitor] [DEBUG] Battery level: 47%
[2025-05-17 17:25:39] [BatteryMonitor] [DEBUG] Battery level: 46%
[2025-05-17 17:25:42] [BatteryMonitor] [DEBUG] Battery level: 45%
[2025-05-17 17:25:45] [BatteryMonitor] [DEBUG] Battery level: 44%
[2025-05-17 17:25:48] [BatteryMonitor] [DEBUG] Battery level: 43%
[2025-05-17 17:27:52] [BatteryMonitor] [INFO] BatteryMonitor started: level=100%, drain_rate=1% per 3.0 seconds
[2025-05-17 17:27:55] [BatteryMonitor] [DEBUG] Battery level: 99%
[2025-05-17 17:27:58] [BatteryMonitor] [DEBUG] Battery level: 98%
[2025-05-17 17:28:01] [BatteryMonitor] [DEBUG] Battery level: 97%
[2025-05-17 17:28:04] [BatteryMonitor] [DEBUG] Battery level: 96%
[2025-05-17 17:28:07] [BatteryMonitor] [DEBUG] Battery level: 95%
[2025-05-17 17:28:10] [BatteryMonitor] [DEBUG] Battery level: 94%
[2025-05-17 17:28:13] [BatteryMonitor] [DEBUG] Battery level: 93%
[2025-05-17 17:28:16] [BatteryMonitor] [DEBUG] Battery level: 92%
[2025-05-17 17:28:19] [BatteryMonitor] [DEBUG] Battery level: 91%
[2025-05-17 17:28:22] [BatteryMonitor] [DEBUG] Battery level: 90%
[2025-05-17 17:28:25] [BatteryMonitor] [DEBUG] Battery level: 89%
[2025-05-17 17:28:28] [BatteryMonitor] [DEBUG] Battery level: 88%
[2025-05-17 17:28:31] [BatteryMonitor] [DEBUG] Battery level: 87%
[2025-05-17 17:34:10] [BatteryMonitor] [INFO] BatteryMonitor started: level=100%, drain_rate=1% per 3.0 seconds
[2025-05-17 17:34:13] [BatteryMonitor] [DEBUG] Battery level: 99%
[2025-05-17 17:34:16] [BatteryMonitor] [DEBUG] Battery level: 98%
[2025-05-17 17:34:19] [BatteryMonitor] [DEBUG] Battery level: 97%
[2025-05-17 17:34:22] [BatteryMonitor] [DEBUG] Battery level: 96%
[2025-05-17 17:34:25] [BatteryMonitor] [DEBUG] Battery level: 95%
[2025-05-17 17:34:28] [BatteryMonitor] [DEBUG] Battery level: 94%
[2025-05-17 17:34:31] [BatteryMonitor] [DEBUG] Battery level: 93%
[2025-05-17 17:34:34] [BatteryMonitor] [DEBUG] Battery level: 92%
[2025-05-17 17:34:37] [BatteryMonitor] [DEBUG] Battery level: 91%
[2025-05-17 17:34:40] [BatteryMonitor] [DEBUG] Battery level: 90%
[2025-05-17 17:34:43] [BatteryMonitor] [DEBUG] Battery level: 89%
[2025-05-17 17:34:46] [BatteryMonitor] [DEBUG] Battery level: 88%
[2025-05-17 17:34:49] [BatteryMonitor] [DEBUG] Battery level: 87%
[2025-05-17 17:34:52] [BatteryMonitor] [DEBUG] Battery level: 86%
[2025-05-17 17:34:55] [BatteryMonitor] [DEBUG] Battery level: 85%
[2025-05-17 17:34:58] [BatteryMonitor] [DEBUG] Battery level: 84%
[2025-05-17 17:35:01] [BatteryMonitor] [DEBUG] Battery level: 83%
[2025-05-17 17:35:04] [BatteryMonitor] [DEBUG] Battery level: 82%
[2025-05-17 17:35:07] [BatteryMonitor] [DEBUG] Battery level: 81%
[2025-05-17 17:35:10] [BatteryMonitor] [DEBUG] Battery level: 80%
[2025-05-17 17:35:13] [BatteryMonitor] [DEBUG] Battery level: 79%
[2025-05-17 17:35:16] [BatteryMonitor] [DEBUG] Battery level: 78%
[2025-05-17 17:35:19] [BatteryMonitor] [DEBUG] Battery level: 77%
[2025-05-17 17:35:22] [BatteryMonitor] [DEBUG] Battery level: 76%
[2025-05-17 17:35:25] [BatteryMonitor] [DEBUG] Battery level: 75%
[2025-05-17 17:35:28] [BatteryMonitor] [DEBUG] Battery level: 74%
[2025-05-17 17:35:31] [BatteryMonitor] [DEBUG] Battery level: 73%
[2025-05-17 17:35:34] [BatteryMonitor] [DEBUG] Battery level: 72%
[2025-05-17 17:35:37] [BatteryMonitor] [DEBUG] Battery level: 71%
[2025-05-17 17:35:40] [BatteryMonitor] [DEBUG] Battery level: 70%
[2025-05-17 17:35:43] [BatteryMonitor] [DEBUG] Battery level: 69%
[2025-05-17 17:35:46] [BatteryMonitor] [DEBUG] Battery level: 68%
[2025-05-17 17:35:49] [BatteryMonitor] [DEBUG] Battery level: 67%
[2025-05-17 17:35:52] [BatteryMonitor] [DEBUG] Battery level: 66%
[2025-05-17 17:35:55] [BatteryMonitor] [DEBUG] Battery level: 65%
[2025-05-17 17:35:58] [BatteryMonitor] [DEBUG] Battery level: 64%
[2025-05-17 17:36:01] [BatteryMonitor] [DEBUG] Battery level: 63%
[2025-05-17 17:54:11] [BatteryMonitor] [INFO] BatteryMonitor started: level=100%, drain_rate=1% per 3.0 seconds
[2025-05-17 17:54:14] [BatteryMonitor] [DEBUG] Battery level: 99%
[2025-05-17 17:54:17] [BatteryMonitor] [DEBUG] Battery level: 98%
[2025-05-17 17:54:20] [BatteryMonitor] [DEBUG] Battery level: 97%
[2025-05-17 17:54:23] [BatteryMonitor] [DEBUG] Battery level: 96%
[2025-05-17 17:54:26] [BatteryMonitor] [DEBUG] Battery level: 95%
[2025-05-17 17:54:29] [BatteryMonitor] [DEBUG] Battery level: 94%
[2025-05-17 17:54:32] [BatteryMonitor] [DEBUG] Battery level: 93%
[2025-05-17 17:54:35] [BatteryMonitor] [DEBUG] Battery level: 92%
[2025-05-17 17:54:38] [BatteryMonitor] [DEBUG] Battery level: 91%
[2025-05-17 17:54:41] [BatteryMonitor] [DEBUG] Battery level: 90%
[2025-05-17 17:54:44] [BatteryMonitor] [DEBUG] Battery level: 89%
[2025-05-17 17:54:47] [BatteryMonitor] [DEBUG] Battery level: 88%
[2025-05-17 17:54:50] [BatteryMonitor] [DEBUG] Battery level: 87%
[2025-05-17 17:54:53] [BatteryMonitor] [DEBUG] Battery level: 86%
[2025-05-17 17:54:56] [BatteryMonitor] [DEBUG] Battery level: 85%
[2025-05-17 17:54:59] [BatteryMonitor] [DEBUG] Battery level: 84%
[2025-05-17 17:55:02] [BatteryMonitor] [DEBUG] Battery level: 83%
[2025-05-17 17:55:05] [BatteryMonitor] [DEBUG] Battery level: 82%
[2025-05-17 17:55:08] [BatteryMonitor] [DEBUG] Battery level: 81%
[2025-05-17 17:55:11] [BatteryMonitor] [DEBUG] Battery level: 80%
[2025-05-17 17:55:14] [BatteryMonitor] [DEBUG] Battery level: 79%
[2025-05-17 17:55:17] [BatteryMonitor] [DEBUG] Battery level: 78%
[2025-05-17 17:55:20] [BatteryMonitor] [DEBUG] Battery level: 77%
[2025-05-17 17:55:23] [BatteryMonitor] [DEBUG] Battery level: 76%
[2025-05-17 17:55:26] [BatteryMonitor] [DEBUG] Battery level: 75%
[2025-05-17 17:55:29] [BatteryMonitor] [DEBUG] Battery level: 74%
[2025-05-17 17:55:32] [BatteryMonitor] [DEBUG] Battery level: 73%
[2025-05-17 17:55:35] [BatteryMonitor] [DEBUG] Battery level: 72%
[2025-05-17 17:55:38] [BatteryMonitor] [DEBUG] Battery level: 71%
[2025-05-17 17:55:41] [BatteryMonitor] [DEBUG] Battery level: 70%
[2025-05-17 17:55:44] [BatteryMonitor] [DEBUG] Battery level: 69%
[2025-05-17 17:55:47] [BatteryMonitor] [DEBUG] Battery level: 68%
[2025-05-17 17:55:50] [BatteryMonitor] [DEBUG] Battery level: 67%
[2025-05-17 17:55:53] [BatteryMonitor] [DEBUG] Battery level: 66%
[2025-05-17 17:55:56] [BatteryMonitor] [DEBUG] Battery level: 65%
[2025-05-17 17:55:59] [BatteryMonitor] [DEBUG] Battery level: 64%
[2025-05-17 17:56:02] [BatteryMonitor] [DEBUG] Battery level: 63%
[2025-05-17 17:56:05] [BatteryMonitor] [DEBUG] Battery level: 62%
[2025-05-17 17:56:08] [BatteryMonitor] [DEBUG] Battery level: 61%
[2025-05-17 17:56:11] [BatteryMonitor] [DEBUG] Battery level: 60%
[2025-05-17 17:56:14] [BatteryMonitor] [DEBUG] Battery level: 59%
[2025-05-17 17:56:17] [BatteryMonitor] [DEBUG] Battery level: 58%
[2025-05-17 17:56:20] [BatteryMonitor] [DEBUG] Battery level: 57%
[2025-05-17 17:56:23] [BatteryMonitor] [DEBUG] Battery level: 56%
[2025-05-17 17:56:26] [BatteryMonitor] [DEBUG] Battery level: 55%
[2025-05-17 17:56:29] [BatteryMonitor] [DEBUG] Battery level: 54%
[2025-05-17 17:56:32] [BatteryMonitor] [DEBUG] Battery level: 53%
[2025-05-17 17:57:54] [BatteryMonitor] [INFO] BatteryMonitor started: level=100%, drain_rate=1% per 3.0 seconds
[2025-05-17 17:57:57] [BatteryMonitor] [DEBUG] Battery level: 99%
[2025-05-17 17:58:00] [BatteryMonitor] [DEBUG] Battery level: 98%
[2025-05-17 17:58:03] [BatteryMonitor] [DEBUG] Battery level: 97%
[2025-05-17 17:58:06] [BatteryMonitor] [DEBUG] Battery level: 96%
[2025-05-17 17:58:09] [BatteryMonitor] [DEBUG] Battery level: 95%
[2025-05-17 17:58:12] [BatteryMonitor] [DEBUG] Battery level: 94%
[2025-05-17 17:58:15] [BatteryMonitor] [DEBUG] Battery level: 93%
[2025-05-17 17:58:18] [BatteryMonitor] [DEBUG] Battery level: 92%
[2025-05-17 17:58:21] [BatteryMonitor] [DEBUG] Battery level: 91%
[2025-05-17 17:58:24] [BatteryMonitor] [DEBUG] Battery level: 90%
[2025-05-17 17:58:27] [BatteryMonitor] [DEBUG] Battery level: 89%
[2025-05-17 17:58:30] [BatteryMonitor] [DEBUG] Battery level: 88%
[2025-05-17 17:58:33] [BatteryMonitor] [DEBUG] Battery level: 87%
[2025-05-17 17:58:36] [BatteryMonitor] [DEBUG] Battery level: 86%
[2025-05-17 17:58:39] [BatteryMonitor] [DEBUG] Battery level: 85%
[2025-05-17 17:58:42] [BatteryMonitor] [DEBUG] Battery level: 84%
[2025-05-17 17:58:45] [BatteryMonitor] [DEBUG] Battery level: 83%
[2025-05-17 17:58:48] [BatteryMonitor] [DEBUG] Battery level: 82%
[2025-05-17 17:58:51] [BatteryMonitor] [DEBUG] Battery level: 81%
[2025-05-17 17:58:54] [BatteryMonitor] [DEBUG] Battery level: 80%
[2025-05-17 17:58:57] [BatteryMonitor] [DEBUG] Battery level: 79%
[2025-05-17 17:59:00] [BatteryMonitor] [DEBUG] Battery level: 78%
[2025-05-17 17:59:03] [BatteryMonitor] [DEBUG] Battery level: 77%
[2025-05-17 17:59:06] [BatteryMonitor] [DEBUG] Battery level: 76%
[2025-05-17 17:59:09] [BatteryMonitor] [DEBUG] Battery level: 75%
[2025-05-17 17:59:12] [BatteryMonitor] [DEBUG] Battery level: 74%
[2025-05-17 17:59:15] [BatteryMonitor] [DEBUG] Battery level: 73%
[2025-05-17 17:59:18] [BatteryMonitor] [DEBUG] Battery level: 72%
[2025-05-17 17:59:21] [BatteryMonitor] [DEBUG] Battery level: 71%
[2025-05-17 17:59:24] [BatteryMonitor] [DEBUG] Battery level: 70%
[2025-05-17 17:59:27] [BatteryMonitor] [DEBUG] Battery level: 69%
[2025-05-17 17:59:30] [BatteryMonitor] [DEBUG] Battery level: 68%
[2025-05-17 17:59:33] [BatteryMonitor] [DEBUG] Battery level: 67%
[2025-05-17 17:59:36] [BatteryMonitor] [DEBUG] Battery level: 66%
[2025-05-17 17:59:39] [BatteryMonitor] [DEBUG] Battery level: 65%
[2025-05-17 17:59:42] [BatteryMonitor] [DEBUG] Battery level: 64%
[2025-05-17 17:59:45] [BatteryMonitor] [DEBUG] Battery level: 63%
[2025-05-17 17:59:48] [BatteryMonitor] [DEBUG] Battery level: 62%
[2025-05-17 17:59:51] [BatteryMonitor] [DEBUG] Battery level: 61%
[2025-05-17 17:59:54] [BatteryMonitor] [DEBUG] Battery level: 60%
[2025-05-17 17:59:57] [BatteryMonitor] [DEBUG] Battery level: 59%
[2025-05-17 18:00:00] [BatteryMonitor] [DEBUG] Battery level: 58%
[2025-05-17 18:00:03] [BatteryMonitor] [DEBUG] Battery level: 57%
[2025-05-17 18:00:06] [BatteryMonitor] [DEBUG] Battery level: 56%
[2025-05-17 18:00:09] [BatteryMonitor] [DEBUG] Battery level: 55%
[2025-05-17 18:00:12] [BatteryMonitor] [DEBUG] Battery level: 54%
[2025-05-17 18:00:15] [BatteryMonitor] [DEBUG] Battery level: 53%
[2025-05-17 18:00:18] [BatteryMonitor] [DEBUG] Battery level: 52%
[2025-05-17 18:00:21] [BatteryMonitor] [DEBUG] Battery level: 51%
[2025-05-17 18:00:24] [BatteryMonitor] [DEBUG] Battery level: 50%
[2025-05-17 18:00:27] [BatteryMonitor] [DEBUG] Battery level: 49%
[2025-05-17 18:00:30] [BatteryMonitor] [DEBUG] Battery level: 48%
[2025-05-17 18:00:33] [BatteryMonitor] [DEBUG] Battery level: 47%
[2025-05-17 18:00:36] [BatteryMonitor] [DEBUG] Battery level: 46%
[2025-05-17 18:00:39] [BatteryMonitor] [DEBUG] Battery level: 45%
[2025-05-17 18:00:42] [BatteryMonitor] [DEBUG] Battery level: 44%
[2025-05-17 18:00:45] [BatteryMonitor] [DEBUG] Battery level: 43%
[2025-05-17 18:00:48] [BatteryMonitor] [DEBUG] Battery level: 42%
[2025-05-17 18:00:51] [BatteryMonitor] [DEBUG] Battery level: 41%
[2025-05-17 18:00:54] [BatteryMonitor] [DEBUG] Battery level: 40%
[2025-05-17 18:00:57] [BatteryMonitor] [DEBUG] Battery level: 39%
[2025-05-17 18:01:00] [BatteryMonitor] [DEBUG] Battery level: 38%
[2025-05-17 18:01:03] [BatteryMonitor] [DEBUG] Battery level: 37%
[2025-05-17 18:01:06] [BatteryMonitor] [DEBUG] Battery level: 36%
[2025-05-17 18:01:09] [BatteryMonitor] [DEBUG] Battery level: 35%
[2025-05-17 18:01:12] [BatteryMonitor] [DEBUG] Battery level: 34%
[2025-05-17 18:01:15] [BatteryMonitor] [DEBUG] Battery level: 33%
[2025-05-17 18:01:18] [BatteryMonitor] [DEBUG] Battery level: 32%
[2025-05-17 18:01:21] [BatteryMonitor] [DEBUG] Battery level: 31%
[2025-05-17 18:01:24] [BatteryMonitor] [DEBUG] Battery level: 30%
[2025-05-17 18:01:27] [BatteryMonitor] [DEBUG] Battery level: 29%
[2025-05-17 18:01:30] [BatteryMonitor] [DEBUG] Battery level: 28%
[2025-05-17 18:01:33] [BatteryMonitor] [DEBUG] Battery level: 27%
[2025-05-17 18:01:36] [BatteryMonitor] [DEBUG] Battery level: 26%
[2025-05-17 18:01:39] [BatteryMonitor] [DEBUG] Battery level: 25%
[2025-05-17 18:01:42] [BatteryMonitor] [DEBUG] Battery level: 24%
[2025-05-17 18:01:45] [BatteryMonitor] [DEBUG] Battery level: 23%
[2025-05-17 18:01:48] [BatteryMonitor] [DEBUG] Battery level: 22%
[2025-05-17 18:01:51] [BatteryMonitor] [DEBUG] Battery level: 21%
[2025-05-17 18:01:54] [BatteryMonitor] [DEBUG] Battery level: 20%
[2025-05-17 18:01:54] [BatteryMonitor] [WARNING] Battery low (20%), triggering RETURN_HOME
[2025-05-17 18:01:57] [BatteryMonitor] [DEBUG] Battery level: 19%
[2025-05-17 18:01:57] [BatteryMonitor] [WARNING] Battery low (19%), triggering RETURN_HOME
[2025-05-17 18:02:00] [BatteryMonitor] [DEBUG] Battery level: 18%
[2025-05-17 18:02:00] [BatteryMonitor] [WARNING] Battery low (18%), triggering RETURN_HOME
[2025-05-17 18:04:10] [BatteryMonitor] [INFO] BatteryMonitor started: level=100%, drain_rate=1% per 3.0 seconds
[2025-05-17 18:04:13] [BatteryMonitor] [DEBUG] Battery level: 99%
[2025-05-17 18:04:16] [BatteryMonitor] [DEBUG] Battery level: 98%
[2025-05-17 18:04:19] [BatteryMonitor] [DEBUG] Battery level: 97%
[2025-05-17 18:04:22] [BatteryMonitor] [DEBUG] Battery level: 96%
[2025-05-17 18:04:25] [BatteryMonitor] [DEBUG] Battery level: 95%
[2025-05-17 18:04:28] [BatteryMonitor] [DEBUG] Battery level: 94%
[2025-05-17 18:04:31] [BatteryMonitor] [DEBUG] Battery level: 93%
[2025-05-17 18:04:34] [BatteryMonitor] [DEBUG] Battery level: 92%
[2025-05-17 18:04:37] [BatteryMonitor] [DEBUG] Battery level: 91%
[2025-05-17 18:04:40] [BatteryMonitor] [DEBUG] Battery level: 90%
[2025-05-17 18:04:43] [BatteryMonitor] [DEBUG] Battery level: 89%
[2025-05-17 18:04:46] [BatteryMonitor] [DEBUG] Battery level: 88%
[2025-05-17 18:04:49] [BatteryMonitor] [DEBUG] Battery level: 87%
[2025-05-17 18:11:30] [BatteryMonitor] [INFO] BatteryMonitor started: level=100%, drain_rate=1% per 3.0 seconds
[2025-05-17 18:11:33] [BatteryMonitor] [DEBUG] Battery level: 99%
[2025-05-17 18:11:36] [BatteryMonitor] [DEBUG] Battery level: 98%
[2025-05-17 18:11:39] [BatteryMonitor] [DEBUG] Battery level: 97%
[2025-05-17 18:11:42] [BatteryMonitor] [DEBUG] Battery level: 96%
[2025-05-17 18:11:45] [BatteryMonitor] [DEBUG] Battery level: 95%
[2025-05-17 18:11:48] [BatteryMonitor] [DEBUG] Battery level: 94%
[2025-05-17 18:11:51] [BatteryMonitor] [DEBUG] Battery level: 93%
[2025-05-17 18:11:54] [BatteryMonitor] [DEBUG] Battery level: 92%
[2025-05-17 18:11:57] [BatteryMonitor] [DEBUG] Battery level: 91%
[2025-05-17 18:12:00] [BatteryMonitor] [DEBUG] Battery level: 90%
[2025-05-17 18:12:03] [BatteryMonitor] [DEBUG] Battery level: 89%
[2025-05-17 18:12:06] [BatteryMonitor] [DEBUG] Battery level: 88%
[2025-05-17 18:12:09] [BatteryMonitor] [DEBUG] Battery level: 87%
[2025-05-17 18:14:57] [BatteryMonitor] [INFO] BatteryMonitor started: level=100%, drain_rate=1% per 3.0 seconds
[2025-05-17 18:15:00] [BatteryMonitor] [DEBUG] Battery level: 99%
[2025-05-17 18:15:03] [BatteryMonitor] [DEBUG] Battery level: 98%
[2025-05-17 18:15:06] [BatteryMonitor] [DEBUG] Battery level: 97%
[2025-05-17 18:15:09] [BatteryMonitor] [DEBUG] Battery level: 96%
[2025-05-17 18:17:45] [BatteryMonitor] [INFO] BatteryMonitor started: level=100%, drain_rate=1% per 3.0 seconds
[2025-05-17 18:17:48] [BatteryMonitor] [DEBUG] Battery level: 99%
[2025-05-17 18:17:51] [BatteryMonitor] [DEBUG] Battery level: 98%
[2025-05-17 18:17:54] [BatteryMonitor] [DEBUG] Battery level: 97%
[2025-05-17 18:17:57] [BatteryMonitor] [DEBUG] Battery level: 96%
[2025-05-17 18:18:00] [BatteryMonitor] [DEBUG] Battery level: 95%
[2025-05-17 18:18:03] [BatteryMonitor] [DEBUG] Battery level: 94%
[2025-05-17 18:18:06] [BatteryMonitor] [DEBUG] Battery level: 93%
[2025-05-17 18:18:09] [BatteryMonitor] [DEBUG] Battery level: 92%
[2025-05-17 18:18:12] [BatteryMonitor] [DEBUG] Battery level: 91%
[2025-05-17 18:24:51] [BatteryMonitor] [INFO] BatteryMonitor started: level=100%, drain_rate=1% per 3.0 seconds
[2025-05-17 18:24:54] [BatteryMonitor] [DEBUG] Battery level: 99%
[2025-05-17 18:24:57] [BatteryMonitor] [DEBUG] Battery level: 98%
[2025-05-17 18:25:00] [BatteryMonitor] [DEBUG] Battery level: 97%
[2025-05-17 18:25:03] [BatteryMonitor] [DEBUG] Battery level: 96%
[2025-05-17 18:25:06] [BatteryMonitor] [DEBUG] Battery level: 95%
[2025-05-17 18:25:09] [BatteryMonitor] [DEBUG] Battery level: 94%
[2025-05-17 18:25:12] [BatteryMonitor] [DEBUG] Battery level: 93%
[2025-05-17 18:25:15] [BatteryMonitor] [DEBUG] Battery level: 92%
[2025-05-17 18:25:18] [BatteryMonitor] [DEBUG] Battery level: 91%
[2025-05-17 18:25:21] [BatteryMonitor] [DEBUG] Battery level: 90%
[2025-05-17 18:25:24] [BatteryMonitor] [DEBUG] Battery level: 89%
[2025-05-17 18:25:27] [BatteryMonitor] [DEBUG] Battery level: 88%
[2025-05-17 18:25:30] [BatteryMonitor] [DEBUG] Battery level: 87%
[2025-05-17 18:25:33] [BatteryMonitor] [DEBUG] Battery level: 86%
[2025-05-17 18:25:36] [BatteryMonitor] [DEBUG] Battery level: 85%
[2025-05-17 18:25:39] [BatteryMonitor] [DEBUG] Battery level: 84%
[2025-05-17 18:25:42] [BatteryMonitor] [DEBUG] Battery level: 83%
[2025-05-17 18:25:45] [BatteryMonitor] [DEBUG] Battery level: 82%
[2025-05-17 18:25:48] [BatteryMonitor] [DEBUG] Battery level: 81%
[2025-05-17 18:25:51] [BatteryMonitor] [DEBUG] Battery level: 80%
[2025-05-17 18:25:54] [BatteryMonitor] [DEBUG] Battery level: 79%
[2025-05-17 18:25:57] [BatteryMonitor] [DEBUG] Battery level: 78%
[2025-05-17 18:26:00] [BatteryMonitor] [DEBUG] Battery level: 77%
[2025-05-17 18:26:03] [BatteryMonitor] [DEBUG] Battery level: 76%
[2025-05-17 18:26:50] [BatteryMonitor] [INFO] BatteryMonitor started: level=100%, drain_rate=1% per 3.0 seconds
[2025-05-17 18:26:53] [BatteryMonitor] [DEBUG] Battery level: 99%
[2025-05-17 18:26:56] [BatteryMonitor] [DEBUG] Battery level: 98%
[2025-05-17 18:26:59] [BatteryMonitor] [DEBUG] Battery level: 97%
[2025-05-17 18:27:02] [BatteryMonitor] [DEBUG] Battery level: 96%
[2025-05-17 18:27:05] [BatteryMonitor] [DEBUG] Battery level: 95%
[2025-05-17 18:27:08] [BatteryMonitor] [DEBUG] Battery level: 94%
[2025-05-17 18:27:11] [BatteryMonitor] [DEBUG] Battery level: 93%
[2025-05-17 18:27:14] [BatteryMonitor] [DEBUG] Battery level: 92%
[2025-05-17 18:27:17] [BatteryMonitor] [DEBUG] Battery level: 91%
[2025-05-17 18:27:20] [BatteryMonitor] [DEBUG] Battery level: 90%
[2025-05-17 18:27:23] [BatteryMonitor] [DEBUG] Battery level: 89%
[2025-05-17 18:27:26] [BatteryMonitor] [DEBUG] Battery level: 88%
[2025-05-17 18:27:29] [BatteryMonitor] [DEBUG] Battery level: 87%
[2025-05-17 18:27:32] [BatteryMonitor] [DEBUG] Battery level: 86%
[2025-05-17 18:27:35] [BatteryMonitor] [DEBUG] Battery level: 85%
[2025-05-17 18:27:38] [BatteryMonitor] [DEBUG] Battery level: 84%
[2025-05-17 18:27:41] [BatteryMonitor] [DEBUG] Battery level: 83%
[2025-05-17 18:27:44] [BatteryMonitor] [DEBUG] Battery level: 82%
[2025-05-17 18:27:47] [BatteryMonitor] [DEBUG] Battery level: 81%
[2025-05-17 18:27:50] [BatteryMonitor] [DEBUG] Battery level: 80%
[2025-05-17 18:27:53] [BatteryMonitor] [DEBUG] Battery level: 79%
[2025-05-17 18:27:56] [BatteryMonitor] [DEBUG] Battery level: 78%
[2025-05-17 18:27:59] [BatteryMonitor] [DEBUG] Battery level: 77%
[2025-05-17 18:28:02] [BatteryMonitor] [DEBUG] Battery level: 76%
[2025-05-17 18:28:05] [BatteryMonitor] [DEBUG] Battery level: 75%
[2025-05-17 18:28:08] [BatteryMonitor] [DEBUG] Battery level: 74%
[2025-05-17 18:28:11] [BatteryMonitor] [DEBUG] Battery level: 73%
[2025-05-17 18:28:14] [BatteryMonitor] [DEBUG] Battery level: 72%
[2025-05-17 18:28:17] [BatteryMonitor] [DEBUG] Battery level: 71%
[2025-05-17 18:28:50] [BatteryMonitor] [INFO] BatteryMonitor started: level=100%, drain_rate=1% per 3.0 seconds
[2025-05-17 18:28:53] [BatteryMonitor] [DEBUG] Battery level: 99%
[2025-05-17 18:28:56] [BatteryMonitor] [DEBUG] Battery level: 98%
[2025-05-17 18:29:46] [BatteryMonitor] [INFO] BatteryMonitor started: level=100%, drain_rate=1% per 3.0 seconds
[2025-05-17 18:29:49] [BatteryMonitor] [DEBUG] Battery level: 99%
[2025-05-17 18:44:28] [BatteryMonitor] [INFO] BatteryMonitor started: level=100%, drain_rate=1% per 3.0 seconds
[2025-05-17 18:44:31] [BatteryMonitor] [DEBUG] Battery level: 99%
[2025-05-17 18:44:34] [BatteryMonitor] [DEBUG] Battery level: 98%
[2025-05-17 18:44:37] [BatteryMonitor] [DEBUG] Battery level: 97%
[2025-05-17 18:44:40] [BatteryMonitor] [DEBUG] Battery level: 96%
[2025-05-17 18:44:43] [BatteryMonitor] [DEBUG] Battery level: 95%
[2025-05-17 18:44:46] [BatteryMonitor] [DEBUG] Battery level: 94%
[2025-05-17 18:44:49] [BatteryMonitor] [DEBUG] Battery level: 93%
[2025-05-17 18:44:52] [BatteryMonitor] [DEBUG] Battery level: 92%
[2025-05-17 18:50:55] [BatteryMonitor] [INFO] BatteryMonitor started: level=100%, drain_rate=1% per 3.0 seconds
[2025-05-17 18:50:58] [BatteryMonitor] [DEBUG] Battery level: 99%
[2025-05-17 18:51:01] [BatteryMonitor] [DEBUG] Battery level: 98%
[2025-05-17 18:51:04] [BatteryMonitor] [DEBUG] Battery level: 97%
[2025-05-17 18:51:07] [BatteryMonitor] [DEBUG] Battery level: 96%
[2025-05-17 18:51:10] [BatteryMonitor] [DEBUG] Battery level: 95%
[2025-05-17 18:51:13] [BatteryMonitor] [DEBUG] Battery level: 94%
[2025-05-17 18:51:23] [BatteryMonitor] [INFO] BatteryMonitor started: level=100%, drain_rate=1% per 3.0 seconds
[2025-05-17 18:51:26] [BatteryMonitor] [DEBUG] Battery level: 99%
[2025-05-17 18:51:29] [BatteryMonitor] [DEBUG] Battery level: 98%
[2025-05-17 18:51:32] [BatteryMonitor] [DEBUG] Battery level: 97%
[2025-05-17 18:51:35] [BatteryMonitor] [DEBUG] Battery level: 96%
[2025-05-17 18:51:38] [BatteryMonitor] [DEBUG] Battery level: 95%
[2025-05-17 18:51:45] [BatteryMonitor] [INFO] BatteryMonitor started: level=100%, drain_rate=1% per 3.0 seconds
[2025-05-17 18:51:48] [BatteryMonitor] [DEBUG] Battery level: 99%
[2025-05-17 18:51:51] [BatteryMonitor] [DEBUG] Battery level: 98%
[2025-05-17 18:51:54] [BatteryMonitor] [DEBUG] Battery level: 97%
[2025-05-17 18:51:57] [BatteryMonitor] [DEBUG] Battery level: 96%
[2025-05-17 18:52:00] [BatteryMonitor] [DEBUG] Battery level: 95%
[2025-05-17 18:52:03] [BatteryMonitor] [DEBUG] Battery level: 94%
[2025-05-17 18:52:06] [BatteryMonitor] [DEBUG] Battery level: 93%
[2025-05-17 18:52:09] [BatteryMonitor] [DEBUG] Battery level: 92%
[2025-05-17 18:52:12] [BatteryMonitor] [DEBUG] Battery level: 91%
[2025-05-17 18:52:15] [BatteryMonitor] [DEBUG] Battery level: 90%
[2025-05-17 18:52:18] [BatteryMonitor] [DEBUG] Battery level: 89%
[2025-05-17 18:52:21] [BatteryMonitor] [DEBUG] Battery level: 88%
[2025-05-17 18:52:24] [BatteryMonitor] [DEBUG] Battery level: 87%
[2025-05-17 18:52:27] [BatteryMonitor] [DEBUG] Battery level: 86%
[2025-05-17 18:52:30] [BatteryMonitor] [DEBUG] Battery level: 85%
[2025-05-17 18:52:33] [BatteryMonitor] [DEBUG] Battery level: 84%
[2025-05-17 18:52:36] [BatteryMonitor] [DEBUG] Battery level: 83%
[2025-05-17 18:52:39] [BatteryMonitor] [DEBUG] Battery level: 82%
[2025-05-17 18:52:42] [BatteryMonitor] [DEBUG] Battery level: 81%
[2025-05-17 18:52:45] [BatteryMonitor] [DEBUG] Battery level: 80%
[2025-05-17 18:52:48] [BatteryMonitor] [DEBUG] Battery level: 79%
[2025-05-17 18:52:51] [BatteryMonitor] [DEBUG] Battery level: 78%
[2025-05-17 18:52:54] [BatteryMonitor] [DEBUG] Battery level: 77%
[2025-05-17 18:52:57] [BatteryMonitor] [DEBUG] Battery level: 76%
[2025-05-17 18:53:00] [BatteryMonitor] [DEBUG] Battery level: 75%
[2025-05-17 18:53:03] [BatteryMonitor] [DEBUG] Battery level: 74%
[2025-05-17 18:53:06] [BatteryMonitor] [DEBUG] Battery level: 73%
[2025-05-17 18:53:09] [BatteryMonitor] [DEBUG] Battery level: 72%
[2025-05-17 18:53:12] [BatteryMonitor] [DEBUG] Battery level: 71%
[2025-05-17 18:53:15] [BatteryMonitor] [DEBUG] Battery level: 70%
[2025-05-17 18:53:18] [BatteryMonitor] [DEBUG] Battery level: 69%
[2025-05-17 18:53:21] [BatteryMonitor] [DEBUG] Battery level: 68%
[2025-05-17 18:53:24] [BatteryMonitor] [DEBUG] Battery level: 67%
[2025-05-17 18:53:27] [BatteryMonitor] [DEBUG] Battery level: 66%
[2025-05-17 18:53:30] [BatteryMonitor] [DEBUG] Battery level: 65%
[2025-05-17 19:00:32] [BatteryMonitor] [INFO] BatteryMonitor started: level=100%, drain_rate=1% per 3.0 seconds
[2025-05-17 19:00:35] [BatteryMonitor] [DEBUG] Battery level: 99%
[2025-05-17 19:00:38] [BatteryMonitor] [DEBUG] Battery level: 98%
[2025-05-17 19:00:41] [BatteryMonitor] [DEBUG] Battery level: 97%
[2025-05-17 19:00:44] [BatteryMonitor] [DEBUG] Battery level: 96%
[2025-05-17 19:00:47] [BatteryMonitor] [DEBUG] Battery level: 95%
[2025-05-17 19:00:50] [BatteryMonitor] [DEBUG] Battery level: 94%
[2025-05-17 19:00:53] [BatteryMonitor] [DEBUG] Battery level: 93%
[2025-05-17 19:00:57] [BatteryMonitor] [INFO] BatteryMonitor started: level=100%, drain_rate=1% per 3.0 seconds
[2025-05-17 19:01:00] [BatteryMonitor] [DEBUG] Battery level: 99%
[2025-05-17 19:01:08] [BatteryMonitor] [INFO] BatteryMonitor started: level=100%, drain_rate=1% per 3.0 seconds
[2025-05-17 19:01:11] [BatteryMonitor] [DEBUG] Battery level: 99%
[2025-05-17 19:01:14] [BatteryMonitor] [DEBUG] Battery level: 98%
[2025-05-17 19:01:27] [BatteryMonitor] [INFO] BatteryMonitor started: level=100%, drain_rate=1% per 3.0 seconds
[2025-05-17 19:01:30] [BatteryMonitor] [DEBUG] Battery level: 99%
[2025-05-17 19:01:33] [BatteryMonitor] [DEBUG] Battery level: 98%
[2025-05-17 19:01:36] [BatteryMonitor] [DEBUG] Battery level: 97%
[2025-05-17 19:01:39] [BatteryMonitor] [DEBUG] Battery level: 96%
[2025-05-17 19:01:42] [BatteryMonitor] [DEBUG] Battery level: 95%
[2025-05-17 19:01:45] [BatteryMonitor] [DEBUG] Battery level: 94%
[2025-05-17 19:05:07] [BatteryMonitor] [INFO] BatteryMonitor started: level=100%, drain_rate=1% per 3.0 seconds
[2025-05-17 19:05:10] [BatteryMonitor] [DEBUG] Battery level: 99%
[2025-05-17 19:05:13] [BatteryMonitor] [DEBUG] Battery level: 98%
[2025-05-17 19:13:38] [BatteryMonitor] [INFO] BatteryMonitor started: level=100%, drain_rate=1% per 3.0 seconds
[2025-05-17 19:13:41] [BatteryMonitor] [DEBUG] Battery level: 99%
[2025-05-17 19:13:44] [BatteryMonitor] [DEBUG] Battery level: 98%
[2025-05-17 19:13:47] [BatteryMonitor] [DEBUG] Battery level: 97%
[2025-05-17 19:13:50] [BatteryMonitor] [DEBUG] Battery level: 96%
[2025-05-17 19:15:45] [BatteryMonitor] [INFO] BatteryMonitor started: level=100%, drain_rate=1% per 3.0 seconds
[2025-05-17 19:15:48] [BatteryMonitor] [DEBUG] Battery level: 99%
[2025-05-17 19:15:51] [BatteryMonitor] [DEBUG] Battery level: 98%
[2025-05-17 19:15:54] [BatteryMonitor] [DEBUG] Battery level: 97%
[2025-05-17 19:15:57] [BatteryMonitor] [DEBUG] Battery level: 96%
[2025-05-17 19:16:00] [BatteryMonitor] [DEBUG] Battery level: 95%
[2025-05-17 19:16:03] [BatteryMonitor] [DEBUG] Battery level: 94%
[2025-05-17 19:16:06] [BatteryMonitor] [DEBUG] Battery level: 93%
[2025-05-17 19:16:09] [BatteryMonitor] [DEBUG] Battery level: 92%
[2025-05-17 19:16:12] [BatteryMonitor] [DEBUG] Battery level: 91%
[2025-05-17 19:16:15] [BatteryMonitor] [DEBUG] Battery level: 90%
[2025-05-17 19:16:18] [BatteryMonitor] [DEBUG] Battery level: 89%
[2025-05-17 19:16:21] [BatteryMonitor] [DEBUG] Battery level: 88%
[2025-05-17 19:16:24] [BatteryMonitor] [DEBUG] Battery level: 87%
[2025-05-17 19:16:27] [BatteryMonitor] [DEBUG] Battery level: 86%
[2025-05-17 19:16:30] [BatteryMonitor] [DEBUG] Battery level: 85%
[2025-05-17 19:16:33] [BatteryMonitor] [DEBUG] Battery level: 84%
[2025-05-17 19:16:36] [BatteryMonitor] [DEBUG] Battery level: 83%
[2025-05-17 19:16:39] [BatteryMonitor] [DEBUG] Battery level: 82%
[2025-05-17 19:17:52] [BatteryMonitor] [INFO] BatteryMonitor started: level=100%, drain_rate=1% per 3.0 seconds
[2025-05-17 19:18:21] [BatteryMonitor] [INFO] BatteryMonitor started: level=100%, drain_rate=1% per 3.0 seconds
[2025-05-17 19:18:24] [BatteryMonitor] [DEBUG] Battery level: 99%
[2025-05-17 19:57:57] [BatteryMonitor] [INFO] BatteryMonitor started: level=100%, drain_rate=1% per 3.0 seconds
[2025-05-17 19:58:00] [BatteryMonitor] [DEBUG] Battery level: 99%
[2025-05-17 19:58:03] [BatteryMonitor] [DEBUG] Battery level: 98%
[2025-05-17 19:58:06] [BatteryMonitor] [DEBUG] Battery level: 97%
[2025-05-17 19:58:09] [BatteryMonitor] [DEBUG] Battery level: 96%
[2025-05-17 19:58:12] [BatteryMonitor] [DEBUG] Battery level: 95%
[2025-05-17 19:58:15] [BatteryMonitor] [DEBUG] Battery level: 94%
[2025-05-17 19:59:17] [BatteryMonitor] [INFO] BatteryMonitor started: level=100%, drain_rate=1% per 3.0 seconds
[2025-05-17 19:59:20] [BatteryMonitor] [DEBUG] Battery level: 99%
[2025-05-17 20:00:34] [BatteryMonitor] [INFO] BatteryMonitor started: level=100%, drain_rate=1% per 3.0 seconds
[2025-05-17 20:00:37] [BatteryMonitor] [DEBUG] Battery level: 99%
[2025-05-17 20:02:16] [BatteryMonitor] [INFO] BatteryMonitor started: level=100%, drain_rate=1% per 3.0 seconds
[2025-05-17 20:02:19] [BatteryMonitor] [DEBUG] Battery level: 99%
[2025-05-17 20:02:22] [BatteryMonitor] [DEBUG] Battery level: 98%
[2025-05-17 20:02:25] [BatteryMonitor] [DEBUG] Battery level: 97%
[2025-05-17 20:07:49] [BatteryMonitor] [INFO] BatteryMonitor started: level=100%, drain_rate=1% per 3.0 seconds
[2025-05-17 20:07:52] [BatteryMonitor] [DEBUG] Battery level: 99%
[2025-05-17 20:07:55] [BatteryMonitor] [DEBUG] Battery level: 98%
[2025-05-17 20:07:58] [BatteryMonitor] [DEBUG] Battery level: 97%
[2025-05-17 20:08:01] [BatteryMonitor] [DEBUG] Battery level: 96%
[2025-05-17 20:08:04] [BatteryMonitor] [DEBUG] Battery level: 95%
[2025-05-17 20:08:07] [BatteryMonitor] [DEBUG] Battery level: 94%
[2025-05-17 20:08:10] [BatteryMonitor] [DEBUG] Battery level: 93%
[2025-05-17 20:08:13] [BatteryMonitor] [DEBUG] Battery level: 92%
[2025-05-17 20:08:16] [BatteryMonitor] [DEBUG] Battery level: 91%
[2025-05-17 20:08:19] [BatteryMonitor] [DEBUG] Battery level: 90%
[2025-05-17 20:08:22] [BatteryMonitor] [DEBUG] Battery level: 89%
[2025-05-17 20:09:36] [BatteryMonitor] [INFO] BatteryMonitor started: level=100%, drain_rate=1% per 3.0 seconds
[2025-05-17 20:09:57] [BatteryMonitor] [INFO] BatteryMonitor started: level=100%, drain_rate=1% per 3.0 seconds
[2025-05-17 20:11:21] [BatteryMonitor] [INFO] BatteryMonitor started: level=100%, drain_rate=1% per 3.0 seconds
[2025-05-17 20:12:10] [BatteryMonitor] [INFO] BatteryMonitor started: level=100%, drain_rate=1% per 3.0 seconds
[2025-05-17 20:12:13] [BatteryMonitor] [DEBUG] Battery level: 99%
[2025-05-17 20:12:16] [BatteryMonitor] [DEBUG] Battery level: 98%
[2025-05-17 20:12:19] [BatteryMonitor] [DEBUG] Battery level: 97%
[2025-05-17 20:12:22] [BatteryMonitor] [DEBUG] Battery level: 96%
[2025-05-17 20:12:25] [BatteryMonitor] [DEBUG] Battery level: 95%
[2025-05-17 20:12:28] [BatteryMonitor] [DEBUG] Battery level: 94%
[2025-05-17 20:13:53] [BatteryMonitor] [INFO] BatteryMonitor started: level=100%, drain_rate=1% per 3.0 seconds
[2025-05-17 20:13:56] [BatteryMonitor] [DEBUG] Battery level: 99%
[2025-05-17 20:13:59] [BatteryMonitor] [DEBUG] Battery level: 98%
[2025-05-17 20:14:02] [BatteryMonitor] [DEBUG] Battery level: 97%
[2025-05-17 20:14:05] [BatteryMonitor] [DEBUG] Battery level: 96%
[2025-05-17 20:14:08] [BatteryMonitor] [DEBUG] Battery level: 95%
[2025-05-17 20:14:11] [BatteryMonitor] [DEBUG] Battery level: 94%
[2025-05-17 20:14:14] [BatteryMonitor] [DEBUG] Battery level: 93%
[2025-05-17 20:14:17] [BatteryMonitor] [DEBUG] Battery level: 92%
[2025-05-17 20:14:20] [BatteryMonitor] [DEBUG] Battery level: 91%
[2025-05-17 20:14:23] [BatteryMonitor] [DEBUG] Battery level: 90%
[2025-05-17 20:14:26] [BatteryMonitor] [DEBUG] Battery level: 89%
[2025-05-17 20:14:57] [BatteryMonitor] [INFO] BatteryMonitor started: level=100%, drain_rate=1% per 3.0 seconds
[2025-05-17 20:15:00] [BatteryMonitor] [DEBUG] Battery level: 99%
[2025-05-17 20:15:03] [BatteryMonitor] [DEBUG] Battery level: 98%
[2025-05-17 20:15:06] [BatteryMonitor] [DEBUG] Battery level: 97%
[2025-05-17 20:15:09] [BatteryMonitor] [DEBUG] Battery level: 96%
[2025-05-17 20:15:12] [BatteryMonitor] [DEBUG] Battery level: 95%
[2025-05-17 20:15:15] [BatteryMonitor] [DEBUG] Battery level: 94%
[2025-05-17 20:15:18] [BatteryMonitor] [DEBUG] Battery level: 93%
[2025-05-17 20:15:21] [BatteryMonitor] [DEBUG] Battery level: 92%
[2025-05-17 20:15:24] [BatteryMonitor] [DEBUG] Battery level: 91%
[2025-05-17 20:15:27] [BatteryMonitor] [DEBUG] Battery level: 90%
[2025-05-17 20:15:30] [BatteryMonitor] [DEBUG] Battery level: 89%
[2025-05-17 20:15:33] [BatteryMonitor] [DEBUG] Battery level: 88%
[2025-05-17 20:15:36] [BatteryMonitor] [DEBUG] Battery level: 87%
[2025-05-17 20:16:02] [BatteryMonitor] [INFO] BatteryMonitor started: level=100%, drain_rate=1% per 3.0 seconds
[2025-05-17 20:16:10] [BatteryMonitor] [INFO] BatteryMonitor started: level=100%, drain_rate=1% per 3.0 seconds
[2025-05-17 20:16:25] [BatteryMonitor] [INFO] BatteryMonitor started: level=100%, drain_rate=1% per 3.0 seconds
[2025-05-17 20:22:31] [BatteryMonitor] [INFO] BatteryMonitor started: level=100%, drain_rate=1% per 3.0 seconds
[2025-05-17 20:22:34] [BatteryMonitor] [DEBUG] Battery level: 99%
[2025-05-17 20:22:37] [BatteryMonitor] [DEBUG] Battery level: 98%
[2025-05-17 20:22:40] [BatteryMonitor] [DEBUG] Battery level: 97%
[2025-05-17 20:24:00] [BatteryMonitor] [INFO] BatteryMonitor started: level=100%, drain_rate=1% per 3.0 seconds
[2025-05-17 20:24:03] [BatteryMonitor] [DEBUG] Battery level: 99%
[2025-05-17 20:24:06] [BatteryMonitor] [DEBUG] Battery level: 98%
[2025-05-18 02:33:16] [BatteryMonitor] [INFO] BatteryMonitor started: level=100%, drain_rate=1% per 3.0 seconds
[2025-05-18 02:33:19] [BatteryMonitor] [DEBUG] Battery level: 99%
[2025-05-18 02:33:22] [BatteryMonitor] [DEBUG] Battery level: 98%
[2025-05-18 02:33:25] [BatteryMonitor] [DEBUG] Battery level: 97%
[2025-05-18 02:33:28] [BatteryMonitor] [DEBUG] Battery level: 96%
[2025-05-18 02:33:31] [BatteryMonitor] [DEBUG] Battery level: 95%
[2025-05-18 02:33:34] [BatteryMonitor] [DEBUG] Battery level: 94%
[2025-05-18 02:33:37] [BatteryMonitor] [DEBUG] Battery level: 93%
[2025-05-18 02:33:40] [BatteryMonitor] [DEBUG] Battery level: 92%
[2025-05-18 02:33:43] [BatteryMonitor] [DEBUG] Battery level: 91%
[2025-05-18 02:33:46] [BatteryMonitor] [DEBUG] Battery level: 90%
[2025-05-18 02:33:49] [BatteryMonitor] [DEBUG] Battery level: 89%
[2025-05-18 02:33:52] [BatteryMonitor] [DEBUG] Battery level: 88%
[2025-05-18 02:33:55] [BatteryMonitor] [DEBUG] Battery level: 87%
[2025-05-18 02:33:58] [BatteryMonitor] [DEBUG] Battery level: 86%
[2025-05-18 02:34:01] [BatteryMonitor] [DEBUG] Battery level: 85%
[2025-05-18 02:34:04] [BatteryMonitor] [DEBUG] Battery level: 84%
[2025-05-18 02:34:07] [BatteryMonitor] [DEBUG] Battery level: 83%
[2025-05-18 02:34:10] [BatteryMonitor] [DEBUG] Battery level: 82%
[2025-05-18 02:34:13] [BatteryMonitor] [DEBUG] Battery level: 81%
[2025-05-18 02:34:16] [BatteryMonitor] [DEBUG] Battery level: 80%
[2025-05-18 02:34:19] [BatteryMonitor] [DEBUG] Battery level: 79%
[2025-05-18 02:34:22] [BatteryMonitor] [DEBUG] Battery level: 78%
[2025-05-18 02:34:25] [BatteryMonitor] [DEBUG] Battery level: 77%
[2025-05-18 02:34:28] [BatteryMonitor] [DEBUG] Battery level: 76%
[2025-05-18 02:34:31] [BatteryMonitor] [DEBUG] Battery level: 75%
[2025-05-18 02:34:34] [BatteryMonitor] [DEBUG] Battery level: 74%
[2025-05-18 02:34:37] [BatteryMonitor] [DEBUG] Battery level: 73%
[2025-05-18 02:34:40] [BatteryMonitor] [DEBUG] Battery level: 72%
[2025-05-18 02:34:44] [BatteryMonitor] [DEBUG] Battery level: 71%
[2025-05-18 02:34:47] [BatteryMonitor] [DEBUG] Battery level: 70%
[2025-05-18 02:34:50] [BatteryMonitor] [DEBUG] Battery level: 69%
[2025-05-18 02:34:53] [BatteryMonitor] [DEBUG] Battery level: 68%
[2025-05-18 02:34:56] [BatteryMonitor] [DEBUG] Battery level: 67%
[2025-05-18 02:34:59] [BatteryMonitor] [DEBUG] Battery level: 66%
[2025-05-18 02:35:02] [BatteryMonitor] [DEBUG] Battery level: 65%
[2025-05-18 02:35:05] [BatteryMonitor] [DEBUG] Battery level: 64%
[2025-05-18 02:35:08] [BatteryMonitor] [DEBUG] Battery level: 63%
[2025-05-18 02:35:11] [BatteryMonitor] [DEBUG] Battery level: 62%
[2025-05-18 02:35:14] [BatteryMonitor] [DEBUG] Battery level: 61%
[2025-05-18 02:35:17] [BatteryMonitor] [DEBUG] Battery level: 60%
[2025-05-18 02:35:20] [BatteryMonitor] [DEBUG] Battery level: 59%
[2025-05-18 02:35:23] [BatteryMonitor] [DEBUG] Battery level: 58%
[2025-05-18 02:35:26] [BatteryMonitor] [DEBUG] Battery level: 57%
[2025-05-18 02:35:29] [BatteryMonitor] [DEBUG] Battery level: 56%
[2025-05-18 02:35:32] [BatteryMonitor] [DEBUG] Battery level: 55%
[2025-05-18 02:35:35] [BatteryMonitor] [DEBUG] Battery level: 54%
[2025-05-18 02:35:38] [BatteryMonitor] [DEBUG] Battery level: 53%
[2025-05-18 02:35:41] [BatteryMonitor] [DEBUG] Battery level: 52%
[2025-05-18 02:35:44] [BatteryMonitor] [DEBUG] Battery level: 51%
[2025-05-18 02:35:47] [BatteryMonitor] [DEBUG] Battery level: 50%
[2025-05-18 02:35:50] [BatteryMonitor] [DEBUG] Battery level: 49%
[2025-05-18 02:35:53] [BatteryMonitor] [DEBUG] Battery level: 48%
[2025-05-18 02:35:56] [BatteryMonitor] [DEBUG] Battery level: 47%
[2025-05-18 02:35:59] [BatteryMonitor] [DEBUG] Battery level: 46%
[2025-05-18 02:36:02] [BatteryMonitor] [DEBUG] Battery level: 45%
[2025-05-18 02:36:05] [BatteryMonitor] [DEBUG] Battery level: 44%
[2025-05-18 02:36:08] [BatteryMonitor] [DEBUG] Battery level: 43%
[2025-05-18 02:36:11] [BatteryMonitor] [DEBUG] Battery level: 42%
[2025-05-18 02:36:14] [BatteryMonitor] [DEBUG] Battery level: 41%
[2025-05-18 02:36:17] [BatteryMonitor] [DEBUG] Battery level: 40%
[2025-05-18 02:36:20] [BatteryMonitor] [DEBUG] Battery level: 39%
[2025-05-18 02:36:23] [BatteryMonitor] [DEBUG] Battery level: 38%
[2025-05-18 02:36:26] [BatteryMonitor] [DEBUG] Battery level: 37%
[2025-05-18 02:36:29] [BatteryMonitor] [DEBUG] Battery level: 36%
[2025-05-18 02:36:32] [BatteryMonitor] [DEBUG] Battery level: 35%
[2025-05-18 02:36:35] [BatteryMonitor] [DEBUG] Battery level: 34%
[2025-05-18 02:36:38] [BatteryMonitor] [DEBUG] Battery level: 33%
[2025-05-18 02:36:41] [BatteryMonitor] [DEBUG] Battery level: 32%
[2025-05-18 02:36:44] [BatteryMonitor] [DEBUG] Battery level: 31%
[2025-05-18 02:36:47] [BatteryMonitor] [DEBUG] Battery level: 30%
[2025-05-18 02:36:50] [BatteryMonitor] [DEBUG] Battery level: 29%
[2025-05-18 02:36:53] [BatteryMonitor] [DEBUG] Battery level: 28%
[2025-05-18 02:36:56] [BatteryMonitor] [DEBUG] Battery level: 27%
[2025-05-18 02:36:59] [BatteryMonitor] [DEBUG] Battery level: 26%
[2025-05-18 02:37:02] [BatteryMonitor] [DEBUG] Battery level: 25%
[2025-05-18 02:37:05] [BatteryMonitor] [DEBUG] Battery level: 24%
[2025-05-18 02:37:08] [BatteryMonitor] [DEBUG] Battery level: 23%
[2025-05-18 02:37:11] [BatteryMonitor] [DEBUG] Battery level: 22%
[2025-05-18 02:37:14] [BatteryMonitor] [DEBUG] Battery level: 21%
