[2025-05-03 20:24:55] [Dashboard] [INFO] Dashboard started.
[2025-05-03 20:24:55] [Dashboard] [INFO] Buffer is empty.
[2025-05-03 20:24:57] [Dashboard] [INFO] Buffer is empty.
[2025-05-03 20:24:59] [Dashboard] [INFO] Buffer is empty.
[2025-05-03 20:25:01] [Dashboard] [INFO] Buffer is empty.
[2025-05-03 20:25:03] [Dashboard] [INFO] Buffer is empty.
[2025-05-03 20:25:05] [Dashboard] [INFO] Buffer is empty.
[2025-05-03 20:25:07] [Dashboard] [INFO] Buffer is empty.
[2025-05-03 20:25:09] [Dashboard] [INFO] Last 5 entries: [{'sensor_id': 'S1', 'timestamp': 1746293109.084016, 'temperature': 28.46, 'humidity': 33.72, 'average': 28.46, 'std_dev': 0.0, 'anomaly_flag': False, 'processed_timestamp': 1746293109.0873852}]
[2025-05-03 20:25:11] [Dashboard] [INFO] Last 5 entries: [{'sensor_id': 'S1', 'timestamp': 1746293109.084016, 'temperature': 28.46, 'humidity': 33.72, 'average': 28.46, 'std_dev': 0.0, 'anomaly_flag': False, 'processed_timestamp': 1746293109.0873852}, {'sensor_id': 'S1', 'timestamp': 1746293111.0941062, 'temperature': 24.95, 'humidity': 39.72, 'average': 26.7, 'std_dev': 1.76, 'anomaly_flag': False, 'processed_timestamp': 1746293111.095607}]
[2025-05-03 20:25:13] [Dashboard] [INFO] Last 5 entries: [{'sensor_id': 'S1', 'timestamp': 1746293109.084016, 'temperature': 28.46, 'humidity': 33.72, 'average': 28.46, 'std_dev': 0.0, 'anomaly_flag': False, 'processed_timestamp': 1746293109.0873852}, {'sensor_id': 'S1', 'timestamp': 1746293111.0941062, 'temperature': 24.95, 'humidity': 39.72, 'average': 26.7, 'std_dev': 1.76, 'anomaly_flag': False, 'processed_timestamp': 1746293111.095607}, {'sensor_id': 'S1', 'timestamp': 1746293113.100917, 'temperature': 28.31, 'humidity': 46.9, 'average': 27.24, 'std_dev': 1.62, 'anomaly_flag': False, 'processed_timestamp': 1746293113.102331}]
[2025-05-03 20:25:15] [Dashboard] [INFO] Last 5 entries: [{'sensor_id': 'S1', 'timestamp': 1746293109.084016, 'temperature': 28.46, 'humidity': 33.72, 'average': 28.46, 'std_dev': 0.0, 'anomaly_flag': False, 'processed_timestamp': 1746293109.0873852}, {'sensor_id': 'S1', 'timestamp': 1746293111.0941062, 'temperature': 24.95, 'humidity': 39.72, 'average': 26.7, 'std_dev': 1.76, 'anomaly_flag': False, 'processed_timestamp': 1746293111.095607}, {'sensor_id': 'S1', 'timestamp': 1746293113.100917, 'temperature': 28.31, 'humidity': 46.9, 'average': 27.24, 'std_dev': 1.62, 'anomaly_flag': False, 'processed_timestamp': 1746293113.102331}, {'sensor_id': 'S1', 'timestamp': 1746293115.1082208, 'temperature': 18.4, 'humidity': 46.28, 'average': 25.03, 'std_dev': 4.08, 'anomaly_flag': False, 'processed_timestamp': 1746293115.111562}]
[2025-05-03 20:25:17] [Dashboard] [INFO] Last 5 entries: [{'sensor_id': 'S1', 'timestamp': 1746293109.084016, 'temperature': 28.46, 'humidity': 33.72, 'average': 28.46, 'std_dev': 0.0, 'anomaly_flag': False, 'processed_timestamp': 1746293109.0873852}, {'sensor_id': 'S1', 'timestamp': 1746293111.0941062, 'temperature': 24.95, 'humidity': 39.72, 'average': 26.7, 'std_dev': 1.76, 'anomaly_flag': False, 'processed_timestamp': 1746293111.095607}, {'sensor_id': 'S1', 'timestamp': 1746293113.100917, 'temperature': 28.31, 'humidity': 46.9, 'average': 27.24, 'std_dev': 1.62, 'anomaly_flag': False, 'processed_timestamp': 1746293113.102331}, {'sensor_id': 'S1', 'timestamp': 1746293115.1082208, 'temperature': 18.4, 'humidity': 46.28, 'average': 25.03, 'std_dev': 4.08, 'anomaly_flag': False, 'processed_timestamp': 1746293115.111562}, {'sensor_id': 'S1', 'timestamp': 1746293117.117496, 'temperature': 18.97, 'humidity': 60.41, 'average': 23.82, 'std_dev': 4.38, 'anomaly_flag': False, 'processed_timestamp': 1746293117.118468}]
[2025-05-03 20:25:19] [Dashboard] [INFO] Last 5 entries: [{'sensor_id': 'S1', 'timestamp': 1746293111.0941062, 'temperature': 24.95, 'humidity': 39.72, 'average': 26.7, 'std_dev': 1.76, 'anomaly_flag': False, 'processed_timestamp': 1746293111.095607}, {'sensor_id': 'S1', 'timestamp': 1746293113.100917, 'temperature': 28.31, 'humidity': 46.9, 'average': 27.24, 'std_dev': 1.62, 'anomaly_flag': False, 'processed_timestamp': 1746293113.102331}, {'sensor_id': 'S1', 'timestamp': 1746293115.1082208, 'temperature': 18.4, 'humidity': 46.28, 'average': 25.03, 'std_dev': 4.08, 'anomaly_flag': False, 'processed_timestamp': 1746293115.111562}, {'sensor_id': 'S1', 'timestamp': 1746293117.117496, 'temperature': 18.97, 'humidity': 60.41, 'average': 23.82, 'std_dev': 4.38, 'anomaly_flag': False, 'processed_timestamp': 1746293117.118468}, {'sensor_id': 'S1', 'timestamp': 1746293119.124016, 'temperature': 15.16, 'humidity': 57.58, 'average': 21.16, 'std_dev': 4.77, 'anomaly_flag': False, 'processed_timestamp': 1746293119.126233}]
[2025-05-03 20:25:21] [Dashboard] [INFO] Last 5 entries: [{'sensor_id': 'S1', 'timestamp': 1746293113.100917, 'temperature': 28.31, 'humidity': 46.9, 'average': 27.24, 'std_dev': 1.62, 'anomaly_flag': False, 'processed_timestamp': 1746293113.102331}, {'sensor_id': 'S1', 'timestamp': 1746293115.1082208, 'temperature': 18.4, 'humidity': 46.28, 'average': 25.03, 'std_dev': 4.08, 'anomaly_flag': False, 'processed_timestamp': 1746293115.111562}, {'sensor_id': 'S1', 'timestamp': 1746293117.117496, 'temperature': 18.97, 'humidity': 60.41, 'average': 23.82, 'std_dev': 4.38, 'anomaly_flag': False, 'processed_timestamp': 1746293117.118468}, {'sensor_id': 'S1', 'timestamp': 1746293119.124016, 'temperature': 15.16, 'humidity': 57.58, 'average': 21.16, 'std_dev': 4.77, 'anomaly_flag': False, 'processed_timestamp': 1746293119.126233}, {'sensor_id': 'S1', 'timestamp': 1746293121.130921, 'temperature': 29.52, 'humidity': 66.6, 'average': 22.07, 'std_dev': 5.75, 'anomaly_flag': False, 'processed_timestamp': 1746293121.136032}]
[2025-05-03 20:29:04] [Dashboard] [INFO] Dashboard started.
[2025-05-03 20:29:04] [Dashboard] [INFO] Buffer is empty.
[2025-05-03 20:29:06] [Dashboard] [INFO] Buffer is empty.
[2025-05-03 20:29:08] [Dashboard] [INFO] Buffer is empty.
[2025-05-03 20:29:10] [Dashboard] [INFO] Buffer is empty.
[2025-05-03 20:29:12] [Dashboard] [INFO] Buffer is empty.
[2025-05-03 20:29:14] [Dashboard] [INFO] Buffer is empty.
[2025-05-03 20:29:16] [Dashboard] [INFO] Buffer is empty.
[2025-05-03 20:29:18] [Dashboard] [INFO] Buffer is empty.
[2025-05-03 20:29:20] [Dashboard] [INFO] Buffer is empty.
[2025-05-03 20:29:22] [Dashboard] [INFO] Buffer is empty.
[2025-05-03 20:29:24] [Dashboard] [INFO] Buffer is empty.
[2025-05-03 20:29:26] [Dashboard] [INFO] Buffer is empty.
[2025-05-03 20:29:28] [Dashboard] [INFO] Buffer is empty.
[2025-05-03 20:29:30] [Dashboard] [INFO] Buffer is empty.
[2025-05-03 20:29:32] [Dashboard] [INFO] Buffer is empty.
[2025-05-03 20:29:34] [Dashboard] [INFO] Buffer is empty.
[2025-05-03 20:29:36] [Dashboard] [INFO] Buffer is empty.
[2025-05-03 20:29:38] [Dashboard] [INFO] Buffer is empty.
[2025-05-03 20:29:40] [Dashboard] [INFO] Buffer is empty.
[2025-05-03 20:29:42] [Dashboard] [INFO] Buffer is empty.
[2025-05-03 20:29:44] [Dashboard] [INFO] Buffer is empty.
[2025-05-03 20:29:46] [Dashboard] [INFO] Buffer is empty.
[2025-05-03 20:29:48] [Dashboard] [INFO] Buffer is empty.
[2025-05-03 20:29:50] [Dashboard] [INFO] Buffer is empty.
[2025-05-03 20:29:52] [Dashboard] [INFO] Buffer is empty.
[2025-05-03 20:29:54] [Dashboard] [INFO] Buffer is empty.
[2025-05-03 20:29:56] [Dashboard] [INFO] Buffer is empty.
[2025-05-03 20:29:58] [Dashboard] [INFO] Buffer is empty.
[2025-05-03 20:30:00] [Dashboard] [INFO] Buffer is empty.
[2025-05-03 20:30:02] [Dashboard] [INFO] Buffer is empty.
[2025-05-03 20:30:04] [Dashboard] [INFO] Buffer is empty.
[2025-05-03 20:30:06] [Dashboard] [INFO] Buffer is empty.
[2025-05-03 20:30:08] [Dashboard] [INFO] Buffer is empty.
[2025-05-03 20:30:10] [Dashboard] [INFO] Buffer is empty.
[2025-05-03 20:30:12] [Dashboard] [INFO] Buffer is empty.
[2025-05-03 20:30:14] [Dashboard] [INFO] Buffer is empty.
[2025-05-03 20:30:16] [Dashboard] [INFO] Buffer is empty.
[2025-05-03 20:30:18] [Dashboard] [INFO] Buffer is empty.
[2025-05-03 20:30:20] [Dashboard] [INFO] Buffer is empty.
[2025-05-03 20:30:22] [Dashboard] [INFO] Buffer is empty.
[2025-05-03 20:30:24] [Dashboard] [INFO] Buffer is empty.
[2025-05-03 20:30:26] [Dashboard] [INFO] Buffer is empty.
[2025-05-03 20:30:28] [Dashboard] [INFO] Buffer is empty.
[2025-05-03 20:30:30] [Dashboard] [INFO] Buffer is empty.
[2025-05-03 20:30:32] [Dashboard] [INFO] Buffer is empty.
[2025-05-03 20:30:34] [Dashboard] [INFO] Buffer is empty.
[2025-05-03 20:30:36] [Dashboard] [INFO] Buffer is empty.
[2025-05-03 20:30:38] [Dashboard] [INFO] Buffer is empty.
[2025-05-03 20:30:40] [Dashboard] [INFO] Buffer is empty.
[2025-05-03 20:30:42] [Dashboard] [INFO] Buffer is empty.
[2025-05-03 20:30:44] [Dashboard] [INFO] Buffer is empty.
[2025-05-03 20:30:46] [Dashboard] [INFO] Buffer is empty.
[2025-05-03 20:30:48] [Dashboard] [INFO] Buffer is empty.
[2025-05-03 20:30:50] [Dashboard] [INFO] Buffer is empty.
[2025-05-03 20:30:52] [Dashboard] [INFO] Buffer is empty.
[2025-05-03 20:30:54] [Dashboard] [INFO] Buffer is empty.
[2025-05-03 20:30:56] [Dashboard] [INFO] Buffer is empty.
[2025-05-03 20:30:58] [Dashboard] [INFO] Buffer is empty.
[2025-05-03 20:31:00] [Dashboard] [INFO] Buffer is empty.
[2025-05-03 20:31:02] [Dashboard] [INFO] Buffer is empty.
[2025-05-03 20:31:04] [Dashboard] [INFO] Buffer is empty.
[2025-05-03 20:31:06] [Dashboard] [INFO] Buffer is empty.
[2025-05-03 20:31:08] [Dashboard] [INFO] Buffer is empty.
[2025-05-03 20:31:10] [Dashboard] [INFO] Buffer is empty.
[2025-05-03 20:31:12] [Dashboard] [INFO] Buffer is empty.
[2025-05-03 20:31:14] [Dashboard] [INFO] Buffer is empty.
[2025-05-03 20:31:16] [Dashboard] [INFO] Buffer is empty.
[2025-05-03 20:31:18] [Dashboard] [INFO] Buffer is empty.
[2025-05-03 20:31:20] [Dashboard] [INFO] Buffer is empty.
[2025-05-03 20:31:22] [Dashboard] [INFO] Buffer is empty.
[2025-05-03 20:31:24] [Dashboard] [INFO] Buffer is empty.
[2025-05-03 20:31:26] [Dashboard] [INFO] Buffer is empty.
[2025-05-03 20:31:28] [Dashboard] [INFO] Buffer is empty.
[2025-05-03 20:31:30] [Dashboard] [INFO] Buffer is empty.
[2025-05-03 20:31:32] [Dashboard] [INFO] Buffer is empty.
[2025-05-03 20:31:34] [Dashboard] [INFO] Buffer is empty.
[2025-05-03 20:31:36] [Dashboard] [INFO] Buffer is empty.
[2025-05-03 20:31:38] [Dashboard] [INFO] Buffer is empty.
[2025-05-03 20:31:40] [Dashboard] [INFO] Buffer is empty.
[2025-05-03 20:31:42] [Dashboard] [INFO] Buffer is empty.
[2025-05-03 20:31:44] [Dashboard] [INFO] Buffer is empty.
[2025-05-03 20:31:46] [Dashboard] [INFO] Buffer is empty.
[2025-05-03 20:31:48] [Dashboard] [INFO] Buffer is empty.
[2025-05-03 20:31:50] [Dashboard] [INFO] Buffer is empty.
[2025-05-03 20:31:52] [Dashboard] [INFO] Buffer is empty.
[2025-05-03 20:31:54] [Dashboard] [INFO] Buffer is empty.
[2025-05-03 20:31:56] [Dashboard] [INFO] Buffer is empty.
[2025-05-03 20:31:58] [Dashboard] [INFO] Buffer is empty.
[2025-05-03 20:32:00] [Dashboard] [INFO] Buffer is empty.
[2025-05-03 20:32:02] [Dashboard] [INFO] Buffer is empty.
[2025-05-03 20:32:04] [Dashboard] [INFO] Buffer is empty.
[2025-05-03 20:32:06] [Dashboard] [INFO] Buffer is empty.
[2025-05-03 20:32:08] [Dashboard] [INFO] Buffer is empty.
[2025-05-03 20:32:10] [Dashboard] [INFO] Buffer is empty.
[2025-05-03 20:32:12] [Dashboard] [INFO] Buffer is empty.
[2025-05-03 20:32:14] [Dashboard] [INFO] Buffer is empty.
[2025-05-03 20:32:16] [Dashboard] [INFO] Buffer is empty.
[2025-05-03 20:32:18] [Dashboard] [INFO] Buffer is empty.
[2025-05-03 20:32:20] [Dashboard] [INFO] Buffer is empty.
[2025-05-03 20:32:22] [Dashboard] [INFO] Buffer is empty.
[2025-05-03 20:32:24] [Dashboard] [INFO] Buffer is empty.
[2025-05-03 20:32:26] [Dashboard] [INFO] Buffer is empty.
[2025-05-03 20:32:28] [Dashboard] [INFO] Buffer is empty.
[2025-05-03 20:32:30] [Dashboard] [INFO] Buffer is empty.
[2025-05-03 20:32:32] [Dashboard] [INFO] Buffer is empty.
[2025-05-03 20:32:34] [Dashboard] [INFO] Buffer is empty.
[2025-05-03 20:32:36] [Dashboard] [INFO] Buffer is empty.
[2025-05-03 20:32:38] [Dashboard] [INFO] Buffer is empty.
[2025-05-03 20:32:40] [Dashboard] [INFO] Buffer is empty.
[2025-05-03 20:32:42] [Dashboard] [INFO] Buffer is empty.
[2025-05-03 20:32:44] [Dashboard] [INFO] Buffer is empty.
[2025-05-03 20:32:46] [Dashboard] [INFO] Buffer is empty.
[2025-05-03 20:32:48] [Dashboard] [INFO] Buffer is empty.
[2025-05-03 20:32:50] [Dashboard] [INFO] Buffer is empty.
[2025-05-03 20:32:52] [Dashboard] [INFO] Buffer is empty.
[2025-05-03 20:32:54] [Dashboard] [INFO] Buffer is empty.
[2025-05-03 20:32:56] [Dashboard] [INFO] Buffer is empty.
[2025-05-03 20:32:58] [Dashboard] [INFO] Buffer is empty.
[2025-05-03 20:33:00] [Dashboard] [INFO] Buffer is empty.
[2025-05-03 20:33:02] [Dashboard] [INFO] Buffer is empty.
[2025-05-03 20:33:04] [Dashboard] [INFO] Buffer is empty.
[2025-05-03 20:33:06] [Dashboard] [INFO] Buffer is empty.
[2025-05-03 20:33:09] [Dashboard] [INFO] Buffer is empty.
[2025-05-03 20:33:11] [Dashboard] [INFO] Buffer is empty.
[2025-05-03 20:33:13] [Dashboard] [INFO] Buffer is empty.
[2025-05-03 20:33:15] [Dashboard] [INFO] Buffer is empty.
[2025-05-03 20:33:17] [Dashboard] [INFO] Buffer is empty.
[2025-05-03 20:33:19] [Dashboard] [INFO] Buffer is empty.
[2025-05-03 20:33:21] [Dashboard] [INFO] Buffer is empty.
[2025-05-03 20:33:23] [Dashboard] [INFO] Buffer is empty.
[2025-05-03 20:33:25] [Dashboard] [INFO] Buffer is empty.
[2025-05-03 20:33:27] [Dashboard] [INFO] Buffer is empty.
[2025-05-03 20:33:29] [Dashboard] [INFO] Buffer is empty.
[2025-05-03 20:33:31] [Dashboard] [INFO] Buffer is empty.
[2025-05-03 20:33:33] [Dashboard] [INFO] Buffer is empty.
[2025-05-03 20:33:35] [Dashboard] [INFO] Buffer is empty.
[2025-05-03 20:33:37] [Dashboard] [INFO] Buffer is empty.
[2025-05-03 20:33:39] [Dashboard] [INFO] Buffer is empty.
[2025-05-03 20:33:41] [Dashboard] [INFO] Buffer is empty.
[2025-05-03 20:33:43] [Dashboard] [INFO] Buffer is empty.
[2025-05-03 20:33:45] [Dashboard] [INFO] Buffer is empty.
[2025-05-03 20:33:47] [Dashboard] [INFO] Buffer is empty.
[2025-05-03 20:33:49] [Dashboard] [INFO] Buffer is empty.
[2025-05-03 20:33:51] [Dashboard] [INFO] Buffer is empty.
[2025-05-03 20:33:53] [Dashboard] [INFO] Buffer is empty.
[2025-05-03 20:33:55] [Dashboard] [INFO] Buffer is empty.
[2025-05-03 20:33:57] [Dashboard] [INFO] Buffer is empty.
[2025-05-03 20:33:59] [Dashboard] [INFO] Buffer is empty.
[2025-05-03 20:34:01] [Dashboard] [INFO] Buffer is empty.
[2025-05-03 20:34:03] [Dashboard] [INFO] Buffer is empty.
[2025-05-03 20:34:05] [Dashboard] [INFO] Buffer is empty.
[2025-05-03 20:34:07] [Dashboard] [INFO] Buffer is empty.
[2025-05-03 20:34:09] [Dashboard] [INFO] Buffer is empty.
[2025-05-03 20:34:11] [Dashboard] [INFO] Buffer is empty.
[2025-05-03 20:34:13] [Dashboard] [INFO] Buffer is empty.
[2025-05-03 20:34:15] [Dashboard] [INFO] Buffer is empty.
[2025-05-03 20:34:17] [Dashboard] [INFO] Buffer is empty.
[2025-05-03 20:34:19] [Dashboard] [INFO] Buffer is empty.
[2025-05-03 20:34:21] [Dashboard] [INFO] Buffer is empty.
[2025-05-03 20:34:23] [Dashboard] [INFO] Buffer is empty.
[2025-05-03 20:34:25] [Dashboard] [INFO] Buffer is empty.
[2025-05-03 20:34:27] [Dashboard] [INFO] Buffer is empty.
[2025-05-03 20:34:29] [Dashboard] [INFO] Buffer is empty.
[2025-05-03 20:34:31] [Dashboard] [INFO] Buffer is empty.
[2025-05-03 20:34:33] [Dashboard] [INFO] Buffer is empty.
[2025-05-03 20:34:35] [Dashboard] [INFO] Buffer is empty.
[2025-05-03 20:34:37] [Dashboard] [INFO] Buffer is empty.
[2025-05-03 20:34:39] [Dashboard] [INFO] Buffer is empty.
[2025-05-03 20:34:41] [Dashboard] [INFO] Buffer is empty.
[2025-05-03 20:34:43] [Dashboard] [INFO] Buffer is empty.
[2025-05-03 20:34:45] [Dashboard] [INFO] Buffer is empty.
[2025-05-03 20:34:47] [Dashboard] [INFO] Buffer is empty.
[2025-05-03 20:34:49] [Dashboard] [INFO] Buffer is empty.
[2025-05-03 20:34:51] [Dashboard] [INFO] Buffer is empty.
[2025-05-03 20:34:53] [Dashboard] [INFO] Buffer is empty.
[2025-05-03 20:34:55] [Dashboard] [INFO] Buffer is empty.
[2025-05-03 20:34:57] [Dashboard] [INFO] Buffer is empty.
[2025-05-03 20:34:59] [Dashboard] [INFO] Buffer is empty.
[2025-05-03 20:35:01] [Dashboard] [INFO] Buffer is empty.
[2025-05-03 20:35:03] [Dashboard] [INFO] Buffer is empty.
[2025-05-03 20:35:05] [Dashboard] [INFO] Buffer is empty.
[2025-05-03 20:35:07] [Dashboard] [INFO] Buffer is empty.
[2025-05-03 20:35:09] [Dashboard] [INFO] Buffer is empty.
[2025-05-03 20:35:11] [Dashboard] [INFO] Buffer is empty.
[2025-05-03 20:35:13] [Dashboard] [INFO] Buffer is empty.
[2025-05-03 20:35:15] [Dashboard] [INFO] Buffer is empty.
[2025-05-03 20:35:17] [Dashboard] [INFO] Buffer is empty.
[2025-05-03 20:35:19] [Dashboard] [INFO] Buffer is empty.
[2025-05-03 20:35:21] [Dashboard] [INFO] Buffer is empty.
[2025-05-03 20:35:23] [Dashboard] [INFO] Buffer is empty.
[2025-05-03 20:35:25] [Dashboard] [INFO] Buffer is empty.
[2025-05-03 20:35:27] [Dashboard] [INFO] Buffer is empty.
[2025-05-03 20:35:29] [Dashboard] [INFO] Buffer is empty.
[2025-05-03 20:35:31] [Dashboard] [INFO] Buffer is empty.
[2025-05-03 20:35:33] [Dashboard] [INFO] Buffer is empty.
[2025-05-03 20:35:35] [Dashboard] [INFO] Buffer is empty.
[2025-05-03 20:35:37] [Dashboard] [INFO] Buffer is empty.
[2025-05-03 20:35:39] [Dashboard] [INFO] Buffer is empty.
[2025-05-03 20:35:41] [Dashboard] [INFO] Buffer is empty.
[2025-05-03 20:35:43] [Dashboard] [INFO] Buffer is empty.
[2025-05-03 20:35:45] [Dashboard] [INFO] Buffer is empty.
[2025-05-03 20:35:47] [Dashboard] [INFO] Buffer is empty.
[2025-05-03 20:35:49] [Dashboard] [INFO] Buffer is empty.
[2025-05-03 20:35:51] [Dashboard] [INFO] Buffer is empty.
[2025-05-03 20:35:53] [Dashboard] [INFO] Buffer is empty.
[2025-05-03 20:35:55] [Dashboard] [INFO] Buffer is empty.
[2025-05-03 20:35:57] [Dashboard] [INFO] Buffer is empty.
[2025-05-03 20:35:59] [Dashboard] [INFO] Buffer is empty.
[2025-05-03 20:36:01] [Dashboard] [INFO] Buffer is empty.
[2025-05-03 20:36:03] [Dashboard] [INFO] Buffer is empty.
[2025-05-03 20:36:05] [Dashboard] [INFO] Buffer is empty.
[2025-05-03 20:36:07] [Dashboard] [INFO] Buffer is empty.
[2025-05-03 20:36:09] [Dashboard] [INFO] Buffer is empty.
[2025-05-03 20:36:11] [Dashboard] [INFO] Buffer is empty.
[2025-05-03 20:36:13] [Dashboard] [INFO] Buffer is empty.
[2025-05-03 20:36:15] [Dashboard] [INFO] Buffer is empty.
[2025-05-03 20:36:17] [Dashboard] [INFO] Buffer is empty.
[2025-05-03 20:36:19] [Dashboard] [INFO] Buffer is empty.
[2025-05-03 20:36:21] [Dashboard] [INFO] Buffer is empty.
[2025-05-03 20:36:23] [Dashboard] [INFO] Buffer is empty.
[2025-05-03 20:36:25] [Dashboard] [INFO] Buffer is empty.
[2025-05-03 20:36:27] [Dashboard] [INFO] Buffer is empty.
[2025-05-03 20:36:29] [Dashboard] [INFO] Buffer is empty.
[2025-05-03 20:36:31] [Dashboard] [INFO] Buffer is empty.
[2025-05-03 20:36:33] [Dashboard] [INFO] Buffer is empty.
[2025-05-03 20:36:35] [Dashboard] [INFO] Buffer is empty.
[2025-05-03 20:36:37] [Dashboard] [INFO] Buffer is empty.
[2025-05-03 20:36:39] [Dashboard] [INFO] Buffer is empty.
[2025-05-03 20:36:41] [Dashboard] [INFO] Buffer is empty.
[2025-05-03 20:36:43] [Dashboard] [INFO] Buffer is empty.
[2025-05-03 20:36:45] [Dashboard] [INFO] Buffer is empty.
[2025-05-03 20:36:47] [Dashboard] [INFO] Buffer is empty.
[2025-05-03 20:36:49] [Dashboard] [INFO] Buffer is empty.
[2025-05-03 20:36:51] [Dashboard] [INFO] Buffer is empty.
[2025-05-03 20:36:53] [Dashboard] [INFO] Buffer is empty.
[2025-05-03 20:36:55] [Dashboard] [INFO] Buffer is empty.
[2025-05-03 20:36:57] [Dashboard] [INFO] Buffer is empty.
[2025-05-03 20:36:59] [Dashboard] [INFO] Buffer is empty.
[2025-05-03 20:37:01] [Dashboard] [INFO] Buffer is empty.
[2025-05-03 20:37:03] [Dashboard] [INFO] Buffer is empty.
[2025-05-03 20:37:05] [Dashboard] [INFO] Buffer is empty.
[2025-05-03 20:37:07] [Dashboard] [INFO] Buffer is empty.
[2025-05-03 20:37:09] [Dashboard] [INFO] Buffer is empty.
[2025-05-03 20:37:11] [Dashboard] [INFO] Buffer is empty.
[2025-05-03 20:37:13] [Dashboard] [INFO] Buffer is empty.
[2025-05-03 20:37:15] [Dashboard] [INFO] Buffer is empty.
[2025-05-03 20:37:17] [Dashboard] [INFO] Buffer is empty.
[2025-05-03 20:37:19] [Dashboard] [INFO] Buffer is empty.
[2025-05-03 20:37:21] [Dashboard] [INFO] Buffer is empty.
[2025-05-03 20:37:23] [Dashboard] [INFO] Buffer is empty.
[2025-05-03 20:37:25] [Dashboard] [INFO] Buffer is empty.
[2025-05-03 20:37:27] [Dashboard] [INFO] Buffer is empty.
[2025-05-03 20:37:29] [Dashboard] [INFO] Buffer is empty.
[2025-05-03 20:37:31] [Dashboard] [INFO] Buffer is empty.
[2025-05-03 20:37:33] [Dashboard] [INFO] Buffer is empty.
[2025-05-03 20:37:35] [Dashboard] [INFO] Buffer is empty.
[2025-05-03 20:37:37] [Dashboard] [INFO] Buffer is empty.
[2025-05-03 20:37:39] [Dashboard] [INFO] Buffer is empty.
[2025-05-03 20:37:41] [Dashboard] [INFO] Buffer is empty.
[2025-05-03 20:37:43] [Dashboard] [INFO] Buffer is empty.
[2025-05-03 20:37:45] [Dashboard] [INFO] Buffer is empty.
[2025-05-03 20:37:47] [Dashboard] [INFO] Buffer is empty.
[2025-05-03 20:37:49] [Dashboard] [INFO] Buffer is empty.
[2025-05-03 20:37:51] [Dashboard] [INFO] Buffer is empty.
[2025-05-03 20:37:53] [Dashboard] [INFO] Buffer is empty.
[2025-05-03 20:37:55] [Dashboard] [INFO] Buffer is empty.
[2025-05-03 20:37:57] [Dashboard] [INFO] Buffer is empty.
[2025-05-03 20:37:59] [Dashboard] [INFO] Buffer is empty.
[2025-05-03 20:38:01] [Dashboard] [INFO] Buffer is empty.
[2025-05-03 20:38:03] [Dashboard] [INFO] Buffer is empty.
[2025-05-03 20:38:05] [Dashboard] [INFO] Buffer is empty.
[2025-05-03 20:38:07] [Dashboard] [INFO] Buffer is empty.
[2025-05-03 20:38:09] [Dashboard] [INFO] Buffer is empty.
[2025-05-03 20:38:11] [Dashboard] [INFO] Buffer is empty.
[2025-05-03 20:38:13] [Dashboard] [INFO] Buffer is empty.
[2025-05-03 20:38:15] [Dashboard] [INFO] Buffer is empty.
[2025-05-03 20:38:17] [Dashboard] [INFO] Buffer is empty.
[2025-05-03 20:38:19] [Dashboard] [INFO] Buffer is empty.
[2025-05-03 20:38:21] [Dashboard] [INFO] Buffer is empty.
[2025-05-03 20:38:23] [Dashboard] [INFO] Buffer is empty.
[2025-05-03 20:38:25] [Dashboard] [INFO] Buffer is empty.
[2025-05-03 20:38:27] [Dashboard] [INFO] Buffer is empty.
[2025-05-03 20:38:29] [Dashboard] [INFO] Buffer is empty.
[2025-05-03 20:38:31] [Dashboard] [INFO] Buffer is empty.
[2025-05-03 20:38:33] [Dashboard] [INFO] Buffer is empty.
[2025-05-03 20:38:35] [Dashboard] [INFO] Buffer is empty.
[2025-05-03 20:38:37] [Dashboard] [INFO] Buffer is empty.
[2025-05-03 20:38:39] [Dashboard] [INFO] Buffer is empty.
[2025-05-03 20:38:41] [Dashboard] [INFO] Buffer is empty.
[2025-05-03 20:38:43] [Dashboard] [INFO] Buffer is empty.
[2025-05-03 20:38:45] [Dashboard] [INFO] Buffer is empty.
[2025-05-03 20:38:47] [Dashboard] [INFO] Buffer is empty.
[2025-05-03 20:38:49] [Dashboard] [INFO] Buffer is empty.
[2025-05-03 20:38:51] [Dashboard] [INFO] Buffer is empty.
[2025-05-03 20:38:53] [Dashboard] [INFO] Buffer is empty.
[2025-05-03 20:38:55] [Dashboard] [INFO] Buffer is empty.
[2025-05-03 20:38:57] [Dashboard] [INFO] Buffer is empty.
[2025-05-03 20:38:59] [Dashboard] [INFO] Buffer is empty.
[2025-05-03 20:39:01] [Dashboard] [INFO] Buffer is empty.
[2025-05-03 20:39:03] [Dashboard] [INFO] Buffer is empty.
[2025-05-03 20:39:05] [Dashboard] [INFO] Buffer is empty.
[2025-05-03 20:39:07] [Dashboard] [INFO] Buffer is empty.
[2025-05-03 20:39:09] [Dashboard] [INFO] Buffer is empty.
[2025-05-03 20:39:11] [Dashboard] [INFO] Buffer is empty.
[2025-05-03 20:39:13] [Dashboard] [INFO] Buffer is empty.
[2025-05-03 20:39:15] [Dashboard] [INFO] Buffer is empty.
[2025-05-03 20:39:17] [Dashboard] [INFO] Buffer is empty.
[2025-05-03 20:39:19] [Dashboard] [INFO] Buffer is empty.
[2025-05-03 20:39:21] [Dashboard] [INFO] Buffer is empty.
[2025-05-03 20:39:23] [Dashboard] [INFO] Buffer is empty.
[2025-05-03 20:39:25] [Dashboard] [INFO] Buffer is empty.
[2025-05-03 20:39:27] [Dashboard] [INFO] Buffer is empty.
[2025-05-03 20:39:29] [Dashboard] [INFO] Buffer is empty.
[2025-05-03 20:39:31] [Dashboard] [INFO] Buffer is empty.
[2025-05-03 20:39:33] [Dashboard] [INFO] Buffer is empty.
[2025-05-03 20:39:35] [Dashboard] [INFO] Buffer is empty.
[2025-05-03 20:39:37] [Dashboard] [INFO] Buffer is empty.
[2025-05-03 20:39:39] [Dashboard] [INFO] Buffer is empty.
[2025-05-03 20:39:41] [Dashboard] [INFO] Buffer is empty.
[2025-05-03 20:39:43] [Dashboard] [INFO] Buffer is empty.
[2025-05-03 20:39:45] [Dashboard] [INFO] Buffer is empty.
[2025-05-03 20:39:47] [Dashboard] [INFO] Buffer is empty.
[2025-05-03 20:39:49] [Dashboard] [INFO] Buffer is empty.
[2025-05-03 20:39:51] [Dashboard] [INFO] Buffer is empty.
[2025-05-03 20:39:53] [Dashboard] [INFO] Buffer is empty.
[2025-05-03 20:39:55] [Dashboard] [INFO] Buffer is empty.
[2025-05-03 20:39:57] [Dashboard] [INFO] Buffer is empty.
[2025-05-03 20:39:59] [Dashboard] [INFO] Buffer is empty.
[2025-05-03 20:40:01] [Dashboard] [INFO] Buffer is empty.
[2025-05-03 20:40:03] [Dashboard] [INFO] Buffer is empty.
[2025-05-03 20:40:05] [Dashboard] [INFO] Buffer is empty.
[2025-05-03 20:40:07] [Dashboard] [INFO] Buffer is empty.
[2025-05-03 20:40:09] [Dashboard] [INFO] Buffer is empty.
[2025-05-03 20:40:11] [Dashboard] [INFO] Buffer is empty.
[2025-05-03 20:40:13] [Dashboard] [INFO] Buffer is empty.
[2025-05-03 20:40:15] [Dashboard] [INFO] Buffer is empty.
[2025-05-03 20:40:17] [Dashboard] [INFO] Buffer is empty.
[2025-05-03 20:40:19] [Dashboard] [INFO] Buffer is empty.
[2025-05-03 20:40:21] [Dashboard] [INFO] Buffer is empty.
[2025-05-03 20:40:23] [Dashboard] [INFO] Buffer is empty.
[2025-05-03 20:40:25] [Dashboard] [INFO] Buffer is empty.
[2025-05-03 20:40:27] [Dashboard] [INFO] Buffer is empty.
[2025-05-03 20:40:29] [Dashboard] [INFO] Buffer is empty.
[2025-05-03 20:40:31] [Dashboard] [INFO] Buffer is empty.
[2025-05-03 20:40:33] [Dashboard] [INFO] Buffer is empty.
[2025-05-03 20:40:35] [Dashboard] [INFO] Buffer is empty.
[2025-05-03 20:40:37] [Dashboard] [INFO] Buffer is empty.
[2025-05-03 20:40:39] [Dashboard] [INFO] Buffer is empty.
[2025-05-03 20:40:41] [Dashboard] [INFO] Buffer is empty.
[2025-05-03 20:40:43] [Dashboard] [INFO] Buffer is empty.
[2025-05-03 20:40:45] [Dashboard] [INFO] Buffer is empty.
[2025-05-03 20:40:47] [Dashboard] [INFO] Buffer is empty.
[2025-05-03 20:40:49] [Dashboard] [INFO] Buffer is empty.
[2025-05-03 20:40:51] [Dashboard] [INFO] Buffer is empty.
[2025-05-03 20:40:53] [Dashboard] [INFO] Buffer is empty.
[2025-05-03 20:40:55] [Dashboard] [INFO] Buffer is empty.
[2025-05-03 20:40:57] [Dashboard] [INFO] Buffer is empty.
[2025-05-03 20:40:59] [Dashboard] [INFO] Buffer is empty.
[2025-05-03 20:41:01] [Dashboard] [INFO] Buffer is empty.
[2025-05-03 20:41:03] [Dashboard] [INFO] Buffer is empty.
[2025-05-03 20:41:05] [Dashboard] [INFO] Buffer is empty.
[2025-05-03 20:41:07] [Dashboard] [INFO] Buffer is empty.
[2025-05-03 20:41:09] [Dashboard] [INFO] Buffer is empty.
[2025-05-03 20:41:11] [Dashboard] [INFO] Buffer is empty.
[2025-05-03 20:41:13] [Dashboard] [INFO] Buffer is empty.
[2025-05-03 20:41:15] [Dashboard] [INFO] Buffer is empty.
[2025-05-03 20:41:17] [Dashboard] [INFO] Buffer is empty.
[2025-05-03 20:41:19] [Dashboard] [INFO] Buffer is empty.
[2025-05-03 20:41:21] [Dashboard] [INFO] Buffer is empty.
[2025-05-03 20:41:23] [Dashboard] [INFO] Buffer is empty.
[2025-05-03 20:41:25] [Dashboard] [INFO] Buffer is empty.
[2025-05-03 20:41:27] [Dashboard] [INFO] Buffer is empty.
[2025-05-03 20:41:29] [Dashboard] [INFO] Buffer is empty.
[2025-05-03 20:41:31] [Dashboard] [INFO] Buffer is empty.
[2025-05-03 20:41:33] [Dashboard] [INFO] Buffer is empty.
[2025-05-03 20:41:35] [Dashboard] [INFO] Buffer is empty.
[2025-05-03 20:41:37] [Dashboard] [INFO] Buffer is empty.
[2025-05-03 20:41:39] [Dashboard] [INFO] Buffer is empty.
[2025-05-03 20:41:41] [Dashboard] [INFO] Buffer is empty.
[2025-05-03 20:41:43] [Dashboard] [INFO] Buffer is empty.
[2025-05-03 20:41:45] [Dashboard] [INFO] Buffer is empty.
[2025-05-03 20:41:47] [Dashboard] [INFO] Buffer is empty.
[2025-05-03 20:41:49] [Dashboard] [INFO] Buffer is empty.
[2025-05-03 20:41:51] [Dashboard] [INFO] Buffer is empty.
[2025-05-03 20:41:53] [Dashboard] [INFO] Buffer is empty.
[2025-05-03 20:41:55] [Dashboard] [INFO] Buffer is empty.
[2025-05-03 20:41:57] [Dashboard] [INFO] Buffer is empty.
[2025-05-03 20:41:59] [Dashboard] [INFO] Buffer is empty.
[2025-05-03 20:42:01] [Dashboard] [INFO] Buffer is empty.
[2025-05-03 20:42:03] [Dashboard] [INFO] Buffer is empty.
[2025-05-03 20:42:05] [Dashboard] [INFO] Buffer is empty.
[2025-05-03 20:42:07] [Dashboard] [INFO] Buffer is empty.
[2025-05-03 20:42:10] [Dashboard] [INFO] Buffer is empty.
[2025-05-03 20:42:12] [Dashboard] [INFO] Buffer is empty.
[2025-05-03 20:42:14] [Dashboard] [INFO] Buffer is empty.
[2025-05-03 20:42:16] [Dashboard] [INFO] Buffer is empty.
[2025-05-03 20:42:18] [Dashboard] [INFO] Buffer is empty.
[2025-05-03 20:42:20] [Dashboard] [INFO] Buffer is empty.
[2025-05-03 20:42:22] [Dashboard] [INFO] Buffer is empty.
[2025-05-03 20:42:24] [Dashboard] [INFO] Buffer is empty.
[2025-05-03 20:42:26] [Dashboard] [INFO] Buffer is empty.
[2025-05-03 20:42:28] [Dashboard] [INFO] Buffer is empty.
[2025-05-03 20:42:30] [Dashboard] [INFO] Buffer is empty.
[2025-05-03 20:42:32] [Dashboard] [INFO] Buffer is empty.
[2025-05-03 20:42:34] [Dashboard] [INFO] Buffer is empty.
[2025-05-03 20:42:36] [Dashboard] [INFO] Buffer is empty.
[2025-05-03 20:42:38] [Dashboard] [INFO] Buffer is empty.
[2025-05-03 20:42:40] [Dashboard] [INFO] Buffer is empty.
[2025-05-03 20:42:42] [Dashboard] [INFO] Buffer is empty.
[2025-05-03 20:42:44] [Dashboard] [INFO] Buffer is empty.
[2025-05-03 20:42:46] [Dashboard] [INFO] Buffer is empty.
[2025-05-03 20:42:48] [Dashboard] [INFO] Buffer is empty.
[2025-05-03 20:42:50] [Dashboard] [INFO] Buffer is empty.
[2025-05-03 20:42:52] [Dashboard] [INFO] Buffer is empty.
[2025-05-03 20:42:54] [Dashboard] [INFO] Buffer is empty.
[2025-05-03 20:42:56] [Dashboard] [INFO] Buffer is empty.
[2025-05-03 20:42:58] [Dashboard] [INFO] Buffer is empty.
[2025-05-03 20:43:00] [Dashboard] [INFO] Buffer is empty.
[2025-05-03 20:43:02] [Dashboard] [INFO] Buffer is empty.
[2025-05-03 20:43:04] [Dashboard] [INFO] Buffer is empty.
[2025-05-03 20:43:06] [Dashboard] [INFO] Buffer is empty.
[2025-05-03 20:43:08] [Dashboard] [INFO] Buffer is empty.
[2025-05-03 20:43:10] [Dashboard] [INFO] Buffer is empty.
[2025-05-03 20:43:12] [Dashboard] [INFO] Buffer is empty.
[2025-05-03 20:43:14] [Dashboard] [INFO] Buffer is empty.
[2025-05-03 20:43:16] [Dashboard] [INFO] Buffer is empty.
[2025-05-03 20:43:18] [Dashboard] [INFO] Buffer is empty.
[2025-05-03 20:43:20] [Dashboard] [INFO] Buffer is empty.
[2025-05-03 20:43:22] [Dashboard] [INFO] Buffer is empty.
[2025-05-03 20:43:24] [Dashboard] [INFO] Buffer is empty.
[2025-05-03 20:43:26] [Dashboard] [INFO] Buffer is empty.
[2025-05-03 20:43:28] [Dashboard] [INFO] Buffer is empty.
[2025-05-03 20:43:30] [Dashboard] [INFO] Buffer is empty.
[2025-05-03 20:43:32] [Dashboard] [INFO] Buffer is empty.
[2025-05-03 20:43:34] [Dashboard] [INFO] Buffer is empty.
[2025-05-03 20:43:36] [Dashboard] [INFO] Buffer is empty.
[2025-05-03 20:43:38] [Dashboard] [INFO] Buffer is empty.
[2025-05-03 20:43:40] [Dashboard] [INFO] Buffer is empty.
[2025-05-03 20:43:42] [Dashboard] [INFO] Buffer is empty.
[2025-05-03 20:43:44] [Dashboard] [INFO] Buffer is empty.
[2025-05-03 20:43:46] [Dashboard] [INFO] Buffer is empty.
[2025-05-03 20:43:48] [Dashboard] [INFO] Buffer is empty.
[2025-05-03 20:43:50] [Dashboard] [INFO] Buffer is empty.
[2025-05-03 20:43:52] [Dashboard] [INFO] Buffer is empty.
[2025-05-03 20:43:54] [Dashboard] [INFO] Buffer is empty.
[2025-05-03 20:43:56] [Dashboard] [INFO] Buffer is empty.
[2025-05-03 20:43:58] [Dashboard] [INFO] Buffer is empty.
[2025-05-03 20:44:00] [Dashboard] [INFO] Buffer is empty.
[2025-05-03 20:44:02] [Dashboard] [INFO] Buffer is empty.
[2025-05-03 20:44:04] [Dashboard] [INFO] Buffer is empty.
[2025-05-03 20:44:06] [Dashboard] [INFO] Buffer is empty.
[2025-05-03 20:44:08] [Dashboard] [INFO] Buffer is empty.
[2025-05-03 20:44:10] [Dashboard] [INFO] Buffer is empty.
[2025-05-03 20:44:12] [Dashboard] [INFO] Buffer is empty.
[2025-05-03 20:44:14] [Dashboard] [INFO] Buffer is empty.
[2025-05-03 20:44:16] [Dashboard] [INFO] Buffer is empty.
[2025-05-03 20:44:18] [Dashboard] [INFO] Buffer is empty.
[2025-05-03 20:44:20] [Dashboard] [INFO] Buffer is empty.
[2025-05-03 20:44:22] [Dashboard] [INFO] Buffer is empty.
[2025-05-03 20:44:24] [Dashboard] [INFO] Buffer is empty.
[2025-05-03 20:44:26] [Dashboard] [INFO] Buffer is empty.
[2025-05-03 20:44:28] [Dashboard] [INFO] Buffer is empty.
[2025-05-03 20:44:30] [Dashboard] [INFO] Buffer is empty.
[2025-05-03 20:44:32] [Dashboard] [INFO] Buffer is empty.
[2025-05-03 20:44:34] [Dashboard] [INFO] Buffer is empty.
[2025-05-03 20:44:36] [Dashboard] [INFO] Buffer is empty.
[2025-05-03 20:44:38] [Dashboard] [INFO] Buffer is empty.
[2025-05-03 20:44:40] [Dashboard] [INFO] Buffer is empty.
[2025-05-03 20:44:42] [Dashboard] [INFO] Buffer is empty.
[2025-05-03 20:44:44] [Dashboard] [INFO] Buffer is empty.
[2025-05-03 20:44:46] [Dashboard] [INFO] Buffer is empty.
[2025-05-03 20:44:48] [Dashboard] [INFO] Buffer is empty.
[2025-05-03 20:44:50] [Dashboard] [INFO] Buffer is empty.
[2025-05-03 20:44:52] [Dashboard] [INFO] Buffer is empty.
[2025-05-03 20:44:54] [Dashboard] [INFO] Buffer is empty.
[2025-05-03 20:44:56] [Dashboard] [INFO] Buffer is empty.
[2025-05-03 20:44:58] [Dashboard] [INFO] Buffer is empty.
[2025-05-03 20:45:00] [Dashboard] [INFO] Buffer is empty.
[2025-05-03 20:45:02] [Dashboard] [INFO] Buffer is empty.
[2025-05-03 20:45:04] [Dashboard] [INFO] Buffer is empty.
[2025-05-03 20:45:06] [Dashboard] [INFO] Buffer is empty.
[2025-05-03 20:45:08] [Dashboard] [INFO] Buffer is empty.
[2025-05-03 20:45:10] [Dashboard] [INFO] Buffer is empty.
[2025-05-03 20:45:12] [Dashboard] [INFO] Buffer is empty.
[2025-05-03 20:45:14] [Dashboard] [INFO] Buffer is empty.
[2025-05-03 20:45:16] [Dashboard] [INFO] Buffer is empty.
[2025-05-03 20:45:18] [Dashboard] [INFO] Buffer is empty.
[2025-05-03 20:45:20] [Dashboard] [INFO] Buffer is empty.
[2025-05-03 20:45:22] [Dashboard] [INFO] Buffer is empty.
[2025-05-03 20:45:24] [Dashboard] [INFO] Buffer is empty.
[2025-05-03 20:45:26] [Dashboard] [INFO] Buffer is empty.
[2025-05-03 20:45:28] [Dashboard] [INFO] Buffer is empty.
[2025-05-03 20:45:30] [Dashboard] [INFO] Buffer is empty.
[2025-05-03 20:45:32] [Dashboard] [INFO] Buffer is empty.
[2025-05-03 20:45:34] [Dashboard] [INFO] Buffer is empty.
[2025-05-03 20:45:36] [Dashboard] [INFO] Buffer is empty.
[2025-05-03 20:45:38] [Dashboard] [INFO] Buffer is empty.
[2025-05-03 20:45:40] [Dashboard] [INFO] Buffer is empty.
[2025-05-03 20:45:42] [Dashboard] [INFO] Buffer is empty.
[2025-05-03 20:45:44] [Dashboard] [INFO] Buffer is empty.
[2025-05-03 20:45:46] [Dashboard] [INFO] Buffer is empty.
[2025-05-03 20:45:48] [Dashboard] [INFO] Buffer is empty.
[2025-05-03 20:45:50] [Dashboard] [INFO] Buffer is empty.
[2025-05-03 20:45:52] [Dashboard] [INFO] Buffer is empty.
[2025-05-03 20:45:54] [Dashboard] [INFO] Buffer is empty.
[2025-05-03 20:45:56] [Dashboard] [INFO] Buffer is empty.
[2025-05-03 20:45:58] [Dashboard] [INFO] Buffer is empty.
[2025-05-03 20:46:00] [Dashboard] [INFO] Buffer is empty.
[2025-05-03 20:46:02] [Dashboard] [INFO] Buffer is empty.
[2025-05-03 20:46:04] [Dashboard] [INFO] Buffer is empty.
[2025-05-03 20:46:06] [Dashboard] [INFO] Buffer is empty.
[2025-05-03 20:46:08] [Dashboard] [INFO] Buffer is empty.
[2025-05-03 20:46:10] [Dashboard] [INFO] Buffer is empty.
[2025-05-03 20:46:12] [Dashboard] [INFO] Buffer is empty.
[2025-05-03 20:46:14] [Dashboard] [INFO] Buffer is empty.
[2025-05-03 20:46:16] [Dashboard] [INFO] Buffer is empty.
[2025-05-03 20:46:18] [Dashboard] [INFO] Buffer is empty.
[2025-05-03 20:46:20] [Dashboard] [INFO] Buffer is empty.
[2025-05-03 20:46:22] [Dashboard] [INFO] Buffer is empty.
[2025-05-03 20:46:24] [Dashboard] [INFO] Buffer is empty.
[2025-05-03 20:46:26] [Dashboard] [INFO] Buffer is empty.
[2025-05-03 20:46:28] [Dashboard] [INFO] Buffer is empty.
[2025-05-03 20:46:30] [Dashboard] [INFO] Buffer is empty.
[2025-05-03 20:46:32] [Dashboard] [INFO] Buffer is empty.
[2025-05-03 20:46:34] [Dashboard] [INFO] Buffer is empty.
[2025-05-03 20:46:36] [Dashboard] [INFO] Buffer is empty.
[2025-05-03 20:46:38] [Dashboard] [INFO] Buffer is empty.
[2025-05-03 20:46:40] [Dashboard] [INFO] Buffer is empty.
[2025-05-03 20:46:42] [Dashboard] [INFO] Buffer is empty.
[2025-05-03 20:46:44] [Dashboard] [INFO] Buffer is empty.
[2025-05-03 20:46:46] [Dashboard] [INFO] Buffer is empty.
[2025-05-03 20:46:48] [Dashboard] [INFO] Buffer is empty.
[2025-05-03 20:46:50] [Dashboard] [INFO] Buffer is empty.
[2025-05-03 20:46:52] [Dashboard] [INFO] Buffer is empty.
[2025-05-03 20:46:54] [Dashboard] [INFO] Buffer is empty.
[2025-05-03 20:46:56] [Dashboard] [INFO] Buffer is empty.
[2025-05-03 20:46:58] [Dashboard] [INFO] Buffer is empty.
[2025-05-03 20:47:00] [Dashboard] [INFO] Buffer is empty.
[2025-05-03 20:47:02] [Dashboard] [INFO] Buffer is empty.
[2025-05-03 20:47:04] [Dashboard] [INFO] Buffer is empty.
[2025-05-03 20:47:06] [Dashboard] [INFO] Buffer is empty.
[2025-05-03 20:47:08] [Dashboard] [INFO] Buffer is empty.
[2025-05-03 20:47:10] [Dashboard] [INFO] Buffer is empty.
[2025-05-03 20:47:12] [Dashboard] [INFO] Buffer is empty.
[2025-05-03 20:47:14] [Dashboard] [INFO] Buffer is empty.
[2025-05-03 20:47:16] [Dashboard] [INFO] Buffer is empty.
[2025-05-03 20:47:18] [Dashboard] [INFO] Buffer is empty.
[2025-05-03 20:47:20] [Dashboard] [INFO] Buffer is empty.
[2025-05-03 20:47:22] [Dashboard] [INFO] Buffer is empty.
[2025-05-03 20:47:24] [Dashboard] [INFO] Buffer is empty.
[2025-05-03 20:47:26] [Dashboard] [INFO] Buffer is empty.
[2025-05-03 20:47:28] [Dashboard] [INFO] Buffer is empty.
[2025-05-03 20:47:30] [Dashboard] [INFO] Buffer is empty.
[2025-05-03 20:47:32] [Dashboard] [INFO] Buffer is empty.
[2025-05-03 20:47:34] [Dashboard] [INFO] Buffer is empty.
[2025-05-03 20:47:36] [Dashboard] [INFO] Buffer is empty.
[2025-05-03 20:47:38] [Dashboard] [INFO] Buffer is empty.
[2025-05-03 20:47:40] [Dashboard] [INFO] Buffer is empty.
[2025-05-03 20:47:42] [Dashboard] [INFO] Buffer is empty.
[2025-05-03 20:47:44] [Dashboard] [INFO] Buffer is empty.
[2025-05-03 20:47:46] [Dashboard] [INFO] Buffer is empty.
[2025-05-03 20:47:48] [Dashboard] [INFO] Buffer is empty.
[2025-05-03 20:47:50] [Dashboard] [INFO] Buffer is empty.
[2025-05-03 20:47:52] [Dashboard] [INFO] Buffer is empty.
[2025-05-03 20:47:54] [Dashboard] [INFO] Buffer is empty.
[2025-05-03 20:47:56] [Dashboard] [INFO] Buffer is empty.
[2025-05-03 20:47:58] [Dashboard] [INFO] Buffer is empty.
[2025-05-03 20:48:00] [Dashboard] [INFO] Buffer is empty.
[2025-05-03 20:48:02] [Dashboard] [INFO] Buffer is empty.
[2025-05-03 20:48:04] [Dashboard] [INFO] Buffer is empty.
[2025-05-03 20:48:06] [Dashboard] [INFO] Buffer is empty.
[2025-05-03 20:48:08] [Dashboard] [INFO] Buffer is empty.
[2025-05-03 20:48:10] [Dashboard] [INFO] Buffer is empty.
[2025-05-03 20:48:12] [Dashboard] [INFO] Buffer is empty.
[2025-05-03 20:48:14] [Dashboard] [INFO] Buffer is empty.
[2025-05-03 20:48:16] [Dashboard] [INFO] Buffer is empty.
[2025-05-03 20:48:18] [Dashboard] [INFO] Buffer is empty.
[2025-05-03 20:48:20] [Dashboard] [INFO] Buffer is empty.
[2025-05-03 20:48:22] [Dashboard] [INFO] Buffer is empty.
[2025-05-03 20:48:24] [Dashboard] [INFO] Buffer is empty.
[2025-05-03 20:48:26] [Dashboard] [INFO] Buffer is empty.
[2025-05-03 20:48:28] [Dashboard] [INFO] Buffer is empty.
[2025-05-03 20:48:30] [Dashboard] [INFO] Buffer is empty.
[2025-05-03 20:48:32] [Dashboard] [INFO] Buffer is empty.
[2025-05-03 20:48:34] [Dashboard] [INFO] Buffer is empty.
[2025-05-03 20:48:36] [Dashboard] [INFO] Buffer is empty.
[2025-05-03 20:48:38] [Dashboard] [INFO] Buffer is empty.
[2025-05-03 20:48:40] [Dashboard] [INFO] Buffer is empty.
[2025-05-03 20:48:42] [Dashboard] [INFO] Buffer is empty.
[2025-05-03 20:48:44] [Dashboard] [INFO] Buffer is empty.
[2025-05-03 20:48:46] [Dashboard] [INFO] Buffer is empty.
[2025-05-03 20:48:48] [Dashboard] [INFO] Buffer is empty.
[2025-05-03 20:48:50] [Dashboard] [INFO] Buffer is empty.
[2025-05-03 20:48:52] [Dashboard] [INFO] Buffer is empty.
[2025-05-03 20:48:54] [Dashboard] [INFO] Buffer is empty.
[2025-05-03 20:48:56] [Dashboard] [INFO] Buffer is empty.
[2025-05-03 20:48:58] [Dashboard] [INFO] Buffer is empty.
[2025-05-03 20:49:00] [Dashboard] [INFO] Buffer is empty.
[2025-05-03 20:49:02] [Dashboard] [INFO] Buffer is empty.
[2025-05-03 20:49:04] [Dashboard] [INFO] Buffer is empty.
[2025-05-03 20:49:06] [Dashboard] [INFO] Buffer is empty.
[2025-05-03 20:49:08] [Dashboard] [INFO] Buffer is empty.
[2025-05-03 20:49:10] [Dashboard] [INFO] Buffer is empty.
[2025-05-03 20:49:12] [Dashboard] [INFO] Buffer is empty.
[2025-05-03 20:49:14] [Dashboard] [INFO] Buffer is empty.
[2025-05-03 20:49:16] [Dashboard] [INFO] Buffer is empty.
[2025-05-03 20:49:18] [Dashboard] [INFO] Buffer is empty.
[2025-05-03 20:49:20] [Dashboard] [INFO] Buffer is empty.
[2025-05-03 20:49:22] [Dashboard] [INFO] Buffer is empty.
[2025-05-03 20:49:24] [Dashboard] [INFO] Buffer is empty.
[2025-05-03 20:49:26] [Dashboard] [INFO] Buffer is empty.
[2025-05-03 20:49:29] [Dashboard] [INFO] Buffer is empty.
[2025-05-03 20:49:31] [Dashboard] [INFO] Buffer is empty.
[2025-05-03 20:49:33] [Dashboard] [INFO] Buffer is empty.
[2025-05-03 20:49:35] [Dashboard] [INFO] Buffer is empty.
[2025-05-03 20:49:37] [Dashboard] [INFO] Buffer is empty.
[2025-05-03 20:49:39] [Dashboard] [INFO] Buffer is empty.
[2025-05-03 20:49:41] [Dashboard] [INFO] Buffer is empty.
[2025-05-03 20:49:43] [Dashboard] [INFO] Buffer is empty.
[2025-05-03 20:49:45] [Dashboard] [INFO] Buffer is empty.
[2025-05-03 20:49:47] [Dashboard] [INFO] Buffer is empty.
[2025-05-03 20:49:49] [Dashboard] [INFO] Buffer is empty.
[2025-05-03 20:49:51] [Dashboard] [INFO] Buffer is empty.
[2025-05-03 20:49:53] [Dashboard] [INFO] Buffer is empty.
[2025-05-03 20:49:55] [Dashboard] [INFO] Buffer is empty.
[2025-05-03 20:49:57] [Dashboard] [INFO] Buffer is empty.
[2025-05-03 20:49:59] [Dashboard] [INFO] Buffer is empty.
[2025-05-03 20:50:01] [Dashboard] [INFO] Buffer is empty.
[2025-05-03 20:50:03] [Dashboard] [INFO] Buffer is empty.
[2025-05-03 20:50:05] [Dashboard] [INFO] Buffer is empty.
[2025-05-03 20:50:07] [Dashboard] [INFO] Buffer is empty.
[2025-05-03 20:50:09] [Dashboard] [INFO] Buffer is empty.
[2025-05-03 20:50:11] [Dashboard] [INFO] Buffer is empty.
[2025-05-03 20:50:13] [Dashboard] [INFO] Buffer is empty.
[2025-05-03 20:50:15] [Dashboard] [INFO] Buffer is empty.
[2025-05-03 20:50:17] [Dashboard] [INFO] Buffer is empty.
[2025-05-03 20:50:19] [Dashboard] [INFO] Buffer is empty.
[2025-05-03 20:50:21] [Dashboard] [INFO] Buffer is empty.
[2025-05-03 20:50:23] [Dashboard] [INFO] Buffer is empty.
[2025-05-03 20:50:25] [Dashboard] [INFO] Buffer is empty.
[2025-05-03 20:50:27] [Dashboard] [INFO] Buffer is empty.
[2025-05-03 20:50:29] [Dashboard] [INFO] Buffer is empty.
[2025-05-03 20:50:31] [Dashboard] [INFO] Buffer is empty.
[2025-05-03 20:50:33] [Dashboard] [INFO] Buffer is empty.
[2025-05-03 20:50:35] [Dashboard] [INFO] Buffer is empty.
[2025-05-03 20:50:37] [Dashboard] [INFO] Buffer is empty.
[2025-05-03 20:50:39] [Dashboard] [INFO] Buffer is empty.
[2025-05-03 20:50:41] [Dashboard] [INFO] Buffer is empty.
[2025-05-03 20:50:43] [Dashboard] [INFO] Buffer is empty.
[2025-05-03 20:50:45] [Dashboard] [INFO] Buffer is empty.
[2025-05-03 20:50:47] [Dashboard] [INFO] Buffer is empty.
[2025-05-03 20:50:49] [Dashboard] [INFO] Buffer is empty.
[2025-05-03 20:50:51] [Dashboard] [INFO] Buffer is empty.
[2025-05-03 20:50:53] [Dashboard] [INFO] Buffer is empty.
[2025-05-03 20:50:55] [Dashboard] [INFO] Buffer is empty.
[2025-05-03 20:50:57] [Dashboard] [INFO] Buffer is empty.
[2025-05-03 20:50:59] [Dashboard] [INFO] Buffer is empty.
[2025-05-03 20:51:01] [Dashboard] [INFO] Buffer is empty.
[2025-05-03 20:51:03] [Dashboard] [INFO] Buffer is empty.
[2025-05-03 20:51:05] [Dashboard] [INFO] Buffer is empty.
[2025-05-03 20:51:07] [Dashboard] [INFO] Buffer is empty.
[2025-05-03 20:51:09] [Dashboard] [INFO] Buffer is empty.
[2025-05-03 20:51:11] [Dashboard] [INFO] Buffer is empty.
[2025-05-03 20:51:13] [Dashboard] [INFO] Buffer is empty.
[2025-05-03 20:51:15] [Dashboard] [INFO] Buffer is empty.
[2025-05-03 20:51:17] [Dashboard] [INFO] Buffer is empty.
[2025-05-03 20:51:19] [Dashboard] [INFO] Buffer is empty.
[2025-05-03 20:51:21] [Dashboard] [INFO] Buffer is empty.
[2025-05-03 20:51:23] [Dashboard] [INFO] Buffer is empty.
[2025-05-03 20:51:25] [Dashboard] [INFO] Buffer is empty.
[2025-05-03 20:51:27] [Dashboard] [INFO] Buffer is empty.
[2025-05-03 20:51:29] [Dashboard] [INFO] Buffer is empty.
[2025-05-03 20:51:31] [Dashboard] [INFO] Buffer is empty.
[2025-05-03 20:51:33] [Dashboard] [INFO] Buffer is empty.
[2025-05-03 20:51:35] [Dashboard] [INFO] Buffer is empty.
[2025-05-03 20:51:37] [Dashboard] [INFO] Buffer is empty.
[2025-05-03 20:51:39] [Dashboard] [INFO] Buffer is empty.
[2025-05-03 20:51:41] [Dashboard] [INFO] Buffer is empty.
[2025-05-03 20:51:43] [Dashboard] [INFO] Buffer is empty.
[2025-05-03 20:51:45] [Dashboard] [INFO] Buffer is empty.
[2025-05-03 20:51:47] [Dashboard] [INFO] Buffer is empty.
[2025-05-03 20:51:49] [Dashboard] [INFO] Buffer is empty.
[2025-05-03 20:51:51] [Dashboard] [INFO] Buffer is empty.
[2025-05-03 20:51:53] [Dashboard] [INFO] Buffer is empty.
[2025-05-03 20:51:55] [Dashboard] [INFO] Buffer is empty.
[2025-05-03 20:51:57] [Dashboard] [INFO] Buffer is empty.
[2025-05-03 20:51:59] [Dashboard] [INFO] Buffer is empty.
[2025-05-03 20:52:01] [Dashboard] [INFO] Buffer is empty.
[2025-05-03 20:52:03] [Dashboard] [INFO] Buffer is empty.
[2025-05-03 20:52:05] [Dashboard] [INFO] Buffer is empty.
[2025-05-03 20:52:07] [Dashboard] [INFO] Buffer is empty.
[2025-05-03 20:52:09] [Dashboard] [INFO] Buffer is empty.
[2025-05-03 20:52:11] [Dashboard] [INFO] Buffer is empty.
[2025-05-03 20:52:13] [Dashboard] [INFO] Buffer is empty.
[2025-05-03 20:52:15] [Dashboard] [INFO] Buffer is empty.
[2025-05-03 20:52:17] [Dashboard] [INFO] Buffer is empty.
[2025-05-03 20:52:19] [Dashboard] [INFO] Buffer is empty.
[2025-05-03 20:52:21] [Dashboard] [INFO] Buffer is empty.
[2025-05-03 20:52:23] [Dashboard] [INFO] Buffer is empty.
[2025-05-03 20:52:25] [Dashboard] [INFO] Buffer is empty.
[2025-05-03 20:52:27] [Dashboard] [INFO] Buffer is empty.
[2025-05-03 20:52:29] [Dashboard] [INFO] Buffer is empty.
[2025-05-03 20:52:31] [Dashboard] [INFO] Buffer is empty.
[2025-05-03 20:52:33] [Dashboard] [INFO] Buffer is empty.
[2025-05-03 20:52:35] [Dashboard] [INFO] Buffer is empty.
[2025-05-03 20:52:37] [Dashboard] [INFO] Buffer is empty.
[2025-05-03 20:52:39] [Dashboard] [INFO] Buffer is empty.
[2025-05-03 20:52:41] [Dashboard] [INFO] Buffer is empty.
[2025-05-03 20:52:43] [Dashboard] [INFO] Buffer is empty.
[2025-05-03 20:52:45] [Dashboard] [INFO] Buffer is empty.
[2025-05-03 20:52:47] [Dashboard] [INFO] Buffer is empty.
[2025-05-03 20:52:49] [Dashboard] [INFO] Buffer is empty.
[2025-05-03 20:52:51] [Dashboard] [INFO] Buffer is empty.
[2025-05-03 20:52:53] [Dashboard] [INFO] Buffer is empty.
[2025-05-03 20:52:55] [Dashboard] [INFO] Buffer is empty.
[2025-05-03 20:52:57] [Dashboard] [INFO] Buffer is empty.
[2025-05-03 20:52:59] [Dashboard] [INFO] Buffer is empty.
[2025-05-03 20:53:01] [Dashboard] [INFO] Buffer is empty.
[2025-05-03 20:53:03] [Dashboard] [INFO] Buffer is empty.
[2025-05-03 20:53:05] [Dashboard] [INFO] Buffer is empty.
[2025-05-03 20:53:07] [Dashboard] [INFO] Buffer is empty.
[2025-05-03 20:53:09] [Dashboard] [INFO] Buffer is empty.
[2025-05-03 20:53:11] [Dashboard] [INFO] Buffer is empty.
[2025-05-03 20:53:13] [Dashboard] [INFO] Buffer is empty.
[2025-05-03 20:53:15] [Dashboard] [INFO] Buffer is empty.
[2025-05-03 20:53:17] [Dashboard] [INFO] Buffer is empty.
[2025-05-03 20:53:19] [Dashboard] [INFO] Buffer is empty.
[2025-05-03 20:53:21] [Dashboard] [INFO] Buffer is empty.
[2025-05-03 20:53:23] [Dashboard] [INFO] Buffer is empty.
[2025-05-03 20:53:25] [Dashboard] [INFO] Buffer is empty.
[2025-05-03 20:53:27] [Dashboard] [INFO] Buffer is empty.
[2025-05-03 20:53:29] [Dashboard] [INFO] Buffer is empty.
[2025-05-03 20:53:31] [Dashboard] [INFO] Buffer is empty.
[2025-05-03 20:53:33] [Dashboard] [INFO] Buffer is empty.
[2025-05-03 20:53:35] [Dashboard] [INFO] Buffer is empty.
[2025-05-03 20:53:37] [Dashboard] [INFO] Buffer is empty.
[2025-05-03 20:53:39] [Dashboard] [INFO] Buffer is empty.
[2025-05-03 20:53:41] [Dashboard] [INFO] Buffer is empty.
[2025-05-03 20:53:43] [Dashboard] [INFO] Buffer is empty.
[2025-05-03 20:53:45] [Dashboard] [INFO] Buffer is empty.
[2025-05-03 20:53:47] [Dashboard] [INFO] Buffer is empty.
[2025-05-03 20:53:49] [Dashboard] [INFO] Buffer is empty.
[2025-05-03 20:53:51] [Dashboard] [INFO] Buffer is empty.
[2025-05-03 20:53:53] [Dashboard] [INFO] Buffer is empty.
[2025-05-03 20:53:55] [Dashboard] [INFO] Buffer is empty.
[2025-05-03 20:53:57] [Dashboard] [INFO] Buffer is empty.
[2025-05-03 20:53:59] [Dashboard] [INFO] Buffer is empty.
[2025-05-03 20:54:01] [Dashboard] [INFO] Buffer is empty.
[2025-05-03 20:54:03] [Dashboard] [INFO] Buffer is empty.
[2025-05-03 20:54:05] [Dashboard] [INFO] Buffer is empty.
[2025-05-03 20:54:07] [Dashboard] [INFO] Buffer is empty.
[2025-05-03 20:54:09] [Dashboard] [INFO] Buffer is empty.
[2025-05-03 20:54:11] [Dashboard] [INFO] Buffer is empty.
[2025-05-03 20:54:13] [Dashboard] [INFO] Buffer is empty.
[2025-05-03 20:54:15] [Dashboard] [INFO] Buffer is empty.
[2025-05-03 20:54:17] [Dashboard] [INFO] Buffer is empty.
[2025-05-03 20:54:19] [Dashboard] [INFO] Buffer is empty.
[2025-05-03 20:54:21] [Dashboard] [INFO] Buffer is empty.
[2025-05-03 20:54:23] [Dashboard] [INFO] Buffer is empty.
[2025-05-03 20:54:25] [Dashboard] [INFO] Buffer is empty.
[2025-05-03 20:54:27] [Dashboard] [INFO] Buffer is empty.
[2025-05-03 20:54:29] [Dashboard] [INFO] Buffer is empty.
[2025-05-03 20:54:31] [Dashboard] [INFO] Buffer is empty.
[2025-05-03 20:54:33] [Dashboard] [INFO] Buffer is empty.
[2025-05-03 20:54:35] [Dashboard] [INFO] Buffer is empty.
[2025-05-03 20:54:37] [Dashboard] [INFO] Buffer is empty.
[2025-05-03 20:54:39] [Dashboard] [INFO] Buffer is empty.
[2025-05-03 20:54:41] [Dashboard] [INFO] Buffer is empty.
[2025-05-03 20:54:43] [Dashboard] [INFO] Buffer is empty.
[2025-05-03 20:54:45] [Dashboard] [INFO] Buffer is empty.
[2025-05-03 20:54:47] [Dashboard] [INFO] Buffer is empty.
[2025-05-03 20:54:49] [Dashboard] [INFO] Buffer is empty.
[2025-05-03 20:54:51] [Dashboard] [INFO] Buffer is empty.
[2025-05-03 20:54:53] [Dashboard] [INFO] Buffer is empty.
[2025-05-03 20:54:55] [Dashboard] [INFO] Buffer is empty.
[2025-05-03 20:54:57] [Dashboard] [INFO] Buffer is empty.
[2025-05-03 20:54:59] [Dashboard] [INFO] Buffer is empty.
[2025-05-03 20:55:01] [Dashboard] [INFO] Buffer is empty.
[2025-05-03 20:55:03] [Dashboard] [INFO] Buffer is empty.
[2025-05-03 20:55:05] [Dashboard] [INFO] Buffer is empty.
[2025-05-03 20:55:07] [Dashboard] [INFO] Buffer is empty.
[2025-05-03 20:55:09] [Dashboard] [INFO] Buffer is empty.
[2025-05-03 20:55:11] [Dashboard] [INFO] Buffer is empty.
[2025-05-03 20:55:13] [Dashboard] [INFO] Buffer is empty.
[2025-05-03 20:55:15] [Dashboard] [INFO] Buffer is empty.
[2025-05-03 20:55:17] [Dashboard] [INFO] Buffer is empty.
[2025-05-03 20:55:19] [Dashboard] [INFO] Buffer is empty.
[2025-05-03 20:55:21] [Dashboard] [INFO] Buffer is empty.
[2025-05-03 20:55:23] [Dashboard] [INFO] Buffer is empty.
[2025-05-03 20:55:25] [Dashboard] [INFO] Buffer is empty.
[2025-05-03 20:55:27] [Dashboard] [INFO] Buffer is empty.
[2025-05-03 20:55:29] [Dashboard] [INFO] Buffer is empty.
[2025-05-03 20:55:31] [Dashboard] [INFO] Buffer is empty.
[2025-05-03 20:55:33] [Dashboard] [INFO] Buffer is empty.
[2025-05-03 20:55:35] [Dashboard] [INFO] Buffer is empty.
[2025-05-03 20:55:37] [Dashboard] [INFO] Buffer is empty.
[2025-05-03 20:55:39] [Dashboard] [INFO] Buffer is empty.
[2025-05-03 20:55:41] [Dashboard] [INFO] Buffer is empty.
[2025-05-03 20:55:43] [Dashboard] [INFO] Buffer is empty.
[2025-05-03 20:55:45] [Dashboard] [INFO] Buffer is empty.
[2025-05-03 20:55:47] [Dashboard] [INFO] Buffer is empty.
[2025-05-03 20:55:49] [Dashboard] [INFO] Buffer is empty.
[2025-05-03 20:55:51] [Dashboard] [INFO] Buffer is empty.
[2025-05-03 20:55:53] [Dashboard] [INFO] Buffer is empty.
[2025-05-03 20:55:55] [Dashboard] [INFO] Buffer is empty.
[2025-05-03 20:55:57] [Dashboard] [INFO] Buffer is empty.
[2025-05-03 20:55:59] [Dashboard] [INFO] Buffer is empty.
[2025-05-03 20:56:01] [Dashboard] [INFO] Buffer is empty.
[2025-05-03 20:56:03] [Dashboard] [INFO] Buffer is empty.
[2025-05-03 20:56:05] [Dashboard] [INFO] Buffer is empty.
[2025-05-03 20:56:07] [Dashboard] [INFO] Buffer is empty.
[2025-05-03 20:56:09] [Dashboard] [INFO] Buffer is empty.
[2025-05-03 20:56:11] [Dashboard] [INFO] Buffer is empty.
[2025-05-03 20:56:13] [Dashboard] [INFO] Buffer is empty.
[2025-05-03 20:56:15] [Dashboard] [INFO] Buffer is empty.
[2025-05-03 20:56:17] [Dashboard] [INFO] Buffer is empty.
[2025-05-03 20:56:19] [Dashboard] [INFO] Buffer is empty.
[2025-05-03 20:56:21] [Dashboard] [INFO] Buffer is empty.
[2025-05-03 20:56:23] [Dashboard] [INFO] Buffer is empty.
[2025-05-03 20:56:25] [Dashboard] [INFO] Buffer is empty.
[2025-05-03 20:56:27] [Dashboard] [INFO] Buffer is empty.
[2025-05-03 20:56:29] [Dashboard] [INFO] Buffer is empty.
[2025-05-03 20:56:31] [Dashboard] [INFO] Buffer is empty.
[2025-05-03 20:56:33] [Dashboard] [INFO] Buffer is empty.
[2025-05-03 20:56:35] [Dashboard] [INFO] Buffer is empty.
[2025-05-03 20:56:37] [Dashboard] [INFO] Buffer is empty.
[2025-05-03 20:56:39] [Dashboard] [INFO] Buffer is empty.
[2025-05-03 20:56:41] [Dashboard] [INFO] Buffer is empty.
[2025-05-03 20:56:43] [Dashboard] [INFO] Buffer is empty.
[2025-05-03 20:56:45] [Dashboard] [INFO] Buffer is empty.
[2025-05-03 20:56:47] [Dashboard] [INFO] Buffer is empty.
[2025-05-03 20:56:49] [Dashboard] [INFO] Buffer is empty.
[2025-05-03 20:56:51] [Dashboard] [INFO] Buffer is empty.
[2025-05-03 20:56:53] [Dashboard] [INFO] Buffer is empty.
[2025-05-03 20:56:55] [Dashboard] [INFO] Buffer is empty.
[2025-05-03 20:56:57] [Dashboard] [INFO] Buffer is empty.
[2025-05-03 20:56:59] [Dashboard] [INFO] Buffer is empty.
[2025-05-03 20:57:01] [Dashboard] [INFO] Buffer is empty.
[2025-05-03 20:57:04] [Dashboard] [INFO] Buffer is empty.
[2025-05-03 20:57:06] [Dashboard] [INFO] Buffer is empty.
[2025-05-03 20:57:08] [Dashboard] [INFO] Buffer is empty.
[2025-05-03 20:57:10] [Dashboard] [INFO] Buffer is empty.
[2025-05-03 20:57:12] [Dashboard] [INFO] Buffer is empty.
[2025-05-03 20:57:14] [Dashboard] [INFO] Buffer is empty.
[2025-05-03 20:57:16] [Dashboard] [INFO] Buffer is empty.
[2025-05-03 20:57:18] [Dashboard] [INFO] Buffer is empty.
[2025-05-03 20:57:20] [Dashboard] [INFO] Buffer is empty.
[2025-05-03 21:20:59] [Dashboard] [INFO] Dashboard started.
[2025-05-03 21:20:59] [Dashboard] [INFO] Buffer is empty.
[2025-05-03 21:21:01] [Dashboard] [INFO] Buffer is empty.
[2025-05-03 21:21:03] [Dashboard] [INFO] Buffer is empty.
[2025-05-03 21:21:05] [Dashboard] [INFO] Buffer is empty.
[2025-05-03 21:21:07] [Dashboard] [INFO] Buffer is empty.
[2025-05-03 21:21:09] [Dashboard] [INFO] Buffer is empty.
[2025-05-03 21:21:11] [Dashboard] [INFO] Buffer is empty.
[2025-05-03 21:21:13] [Dashboard] [INFO] Buffer is empty.
[2025-05-03 21:21:15] [Dashboard] [INFO] Buffer is empty.
[2025-05-03 21:21:17] [Dashboard] [INFO] Buffer is empty.
[2025-05-03 21:21:19] [Dashboard] [INFO] Buffer is empty.
[2025-05-03 21:21:21] [Dashboard] [INFO] Buffer is empty.
[2025-05-03 21:21:23] [Dashboard] [INFO] Buffer is empty.
[2025-05-03 21:21:25] [Dashboard] [INFO] Last 5 entries: [{'sensor_id': 'S1', 'timestamp': 1746296485.01114, 'temperature': 23.78, 'humidity': 53.9, 'average': 23.78, 'std_dev': 0.0, 'anomaly_flag': False, 'processed_timestamp': 1746296485.0194712}]
[2025-05-03 21:21:27] [Dashboard] [INFO] Last 5 entries: [{'sensor_id': 'S1', 'timestamp': 1746296485.01114, 'temperature': 23.78, 'humidity': 53.9, 'average': 23.78, 'std_dev': 0.0, 'anomaly_flag': False, 'processed_timestamp': 1746296485.0194712}, {'sensor_id': 'S1', 'timestamp': 1746296487.026159, 'temperature': 15.69, 'humidity': 67.9, 'average': 19.73, 'std_dev': 4.05, 'anomaly_flag': False, 'processed_timestamp': 1746296487.029192}]
[2025-05-03 21:21:29] [Dashboard] [INFO] Last 5 entries: [{'sensor_id': 'S1', 'timestamp': 1746296485.01114, 'temperature': 23.78, 'humidity': 53.9, 'average': 23.78, 'std_dev': 0.0, 'anomaly_flag': False, 'processed_timestamp': 1746296485.0194712}, {'sensor_id': 'S1', 'timestamp': 1746296487.026159, 'temperature': 15.69, 'humidity': 67.9, 'average': 19.73, 'std_dev': 4.05, 'anomaly_flag': False, 'processed_timestamp': 1746296487.029192}, {'sensor_id': 'S1', 'timestamp': 1746296489.0344908, 'temperature': 22.05, 'humidity': 36.63, 'average': 20.51, 'std_dev': 3.48, 'anomaly_flag': False, 'processed_timestamp': 1746296489.037281}]
[2025-05-03 21:21:31] [Dashboard] [INFO] Last 5 entries: [{'sensor_id': 'S1', 'timestamp': 1746296485.01114, 'temperature': 23.78, 'humidity': 53.9, 'average': 23.78, 'std_dev': 0.0, 'anomaly_flag': False, 'processed_timestamp': 1746296485.0194712}, {'sensor_id': 'S1', 'timestamp': 1746296487.026159, 'temperature': 15.69, 'humidity': 67.9, 'average': 19.73, 'std_dev': 4.05, 'anomaly_flag': False, 'processed_timestamp': 1746296487.029192}, {'sensor_id': 'S1', 'timestamp': 1746296489.0344908, 'temperature': 22.05, 'humidity': 36.63, 'average': 20.51, 'std_dev': 3.48, 'anomaly_flag': False, 'processed_timestamp': 1746296489.037281}, {'sensor_id': 'S1', 'timestamp': 1746296491.043154, 'temperature': 22.72, 'humidity': 32.8, 'average': 21.06, 'std_dev': 3.16, 'anomaly_flag': False, 'processed_timestamp': 1746296491.045501}]
[2025-05-03 21:21:33] [Dashboard] [INFO] Last 5 entries: [{'sensor_id': 'S1', 'timestamp': 1746296485.01114, 'temperature': 23.78, 'humidity': 53.9, 'average': 23.78, 'std_dev': 0.0, 'anomaly_flag': False, 'processed_timestamp': 1746296485.0194712}, {'sensor_id': 'S1', 'timestamp': 1746296487.026159, 'temperature': 15.69, 'humidity': 67.9, 'average': 19.73, 'std_dev': 4.05, 'anomaly_flag': False, 'processed_timestamp': 1746296487.029192}, {'sensor_id': 'S1', 'timestamp': 1746296489.0344908, 'temperature': 22.05, 'humidity': 36.63, 'average': 20.51, 'std_dev': 3.48, 'anomaly_flag': False, 'processed_timestamp': 1746296489.037281}, {'sensor_id': 'S1', 'timestamp': 1746296491.043154, 'temperature': 22.72, 'humidity': 32.8, 'average': 21.06, 'std_dev': 3.16, 'anomaly_flag': False, 'processed_timestamp': 1746296491.045501}, {'sensor_id': 'S1', 'timestamp': 1746296493.048825, 'temperature': 16.98, 'humidity': 61.71, 'average': 20.24, 'std_dev': 3.26, 'anomaly_flag': False, 'processed_timestamp': 1746296493.050878}]
[2025-05-03 21:21:35] [Dashboard] [INFO] Last 5 entries: [{'sensor_id': 'S1', 'timestamp': 1746296487.026159, 'temperature': 15.69, 'humidity': 67.9, 'average': 19.73, 'std_dev': 4.05, 'anomaly_flag': False, 'processed_timestamp': 1746296487.029192}, {'sensor_id': 'S1', 'timestamp': 1746296489.0344908, 'temperature': 22.05, 'humidity': 36.63, 'average': 20.51, 'std_dev': 3.48, 'anomaly_flag': False, 'processed_timestamp': 1746296489.037281}, {'sensor_id': 'S1', 'timestamp': 1746296491.043154, 'temperature': 22.72, 'humidity': 32.8, 'average': 21.06, 'std_dev': 3.16, 'anomaly_flag': False, 'processed_timestamp': 1746296491.045501}, {'sensor_id': 'S1', 'timestamp': 1746296493.048825, 'temperature': 16.98, 'humidity': 61.71, 'average': 20.24, 'std_dev': 3.26, 'anomaly_flag': False, 'processed_timestamp': 1746296493.050878}, {'sensor_id': 'S1', 'timestamp': 1746296495.056912, 'temperature': 22.66, 'humidity': 68.32, 'average': 20.02, 'std_dev': 3.05, 'anomaly_flag': False, 'processed_timestamp': 1746296495.0600052}]
[2025-05-03 21:21:37] [Dashboard] [INFO] Last 5 entries: [{'sensor_id': 'S1', 'timestamp': 1746296489.0344908, 'temperature': 22.05, 'humidity': 36.63, 'average': 20.51, 'std_dev': 3.48, 'anomaly_flag': False, 'processed_timestamp': 1746296489.037281}, {'sensor_id': 'S1', 'timestamp': 1746296491.043154, 'temperature': 22.72, 'humidity': 32.8, 'average': 21.06, 'std_dev': 3.16, 'anomaly_flag': False, 'processed_timestamp': 1746296491.045501}, {'sensor_id': 'S1', 'timestamp': 1746296493.048825, 'temperature': 16.98, 'humidity': 61.71, 'average': 20.24, 'std_dev': 3.26, 'anomaly_flag': False, 'processed_timestamp': 1746296493.050878}, {'sensor_id': 'S1', 'timestamp': 1746296495.056912, 'temperature': 22.66, 'humidity': 68.32, 'average': 20.02, 'std_dev': 3.05, 'anomaly_flag': False, 'processed_timestamp': 1746296495.0600052}, {'sensor_id': 'S1', 'timestamp': 1746296497.0626628, 'temperature': 20.08, 'humidity': 44.68, 'average': 20.9, 'std_dev': 2.18, 'anomaly_flag': False, 'processed_timestamp': 1746296497.064506}]
[2025-05-03 21:21:39] [Dashboard] [INFO] Last 5 entries: [{'sensor_id': 'S1', 'timestamp': 1746296491.043154, 'temperature': 22.72, 'humidity': 32.8, 'average': 21.06, 'std_dev': 3.16, 'anomaly_flag': False, 'processed_timestamp': 1746296491.045501}, {'sensor_id': 'S1', 'timestamp': 1746296493.048825, 'temperature': 16.98, 'humidity': 61.71, 'average': 20.24, 'std_dev': 3.26, 'anomaly_flag': False, 'processed_timestamp': 1746296493.050878}, {'sensor_id': 'S1', 'timestamp': 1746296495.056912, 'temperature': 22.66, 'humidity': 68.32, 'average': 20.02, 'std_dev': 3.05, 'anomaly_flag': False, 'processed_timestamp': 1746296495.0600052}, {'sensor_id': 'S1', 'timestamp': 1746296497.0626628, 'temperature': 20.08, 'humidity': 44.68, 'average': 20.9, 'std_dev': 2.18, 'anomaly_flag': False, 'processed_timestamp': 1746296497.064506}, {'sensor_id': 'S1', 'timestamp': 1746296499.070257, 'temperature': 21.6, 'humidity': 40.46, 'average': 20.81, 'std_dev': 2.14, 'anomaly_flag': False, 'processed_timestamp': 1746296499.0713758}]
[2025-05-03 21:21:41] [Dashboard] [INFO] Last 5 entries: [{'sensor_id': 'S1', 'timestamp': 1746296493.048825, 'temperature': 16.98, 'humidity': 61.71, 'average': 20.24, 'std_dev': 3.26, 'anomaly_flag': False, 'processed_timestamp': 1746296493.050878}, {'sensor_id': 'S1', 'timestamp': 1746296495.056912, 'temperature': 22.66, 'humidity': 68.32, 'average': 20.02, 'std_dev': 3.05, 'anomaly_flag': False, 'processed_timestamp': 1746296495.0600052}, {'sensor_id': 'S1', 'timestamp': 1746296497.0626628, 'temperature': 20.08, 'humidity': 44.68, 'average': 20.9, 'std_dev': 2.18, 'anomaly_flag': False, 'processed_timestamp': 1746296497.064506}, {'sensor_id': 'S1', 'timestamp': 1746296499.070257, 'temperature': 21.6, 'humidity': 40.46, 'average': 20.81, 'std_dev': 2.14, 'anomaly_flag': False, 'processed_timestamp': 1746296499.0713758}, {'sensor_id': 'S1', 'timestamp': 1746296501.073793, 'temperature': 23.82, 'humidity': 68.61, 'average': 21.03, 'std_dev': 2.37, 'anomaly_flag': False, 'processed_timestamp': 1746296501.076878}]
[2025-05-03 21:21:43] [Dashboard] [INFO] Last 5 entries: [{'sensor_id': 'S1', 'timestamp': 1746296495.056912, 'temperature': 22.66, 'humidity': 68.32, 'average': 20.02, 'std_dev': 3.05, 'anomaly_flag': False, 'processed_timestamp': 1746296495.0600052}, {'sensor_id': 'S1', 'timestamp': 1746296497.0626628, 'temperature': 20.08, 'humidity': 44.68, 'average': 20.9, 'std_dev': 2.18, 'anomaly_flag': False, 'processed_timestamp': 1746296497.064506}, {'sensor_id': 'S1', 'timestamp': 1746296499.070257, 'temperature': 21.6, 'humidity': 40.46, 'average': 20.81, 'std_dev': 2.14, 'anomaly_flag': False, 'processed_timestamp': 1746296499.0713758}, {'sensor_id': 'S1', 'timestamp': 1746296501.073793, 'temperature': 23.82, 'humidity': 68.61, 'average': 21.03, 'std_dev': 2.37, 'anomaly_flag': False, 'processed_timestamp': 1746296501.076878}, {'sensor_id': 'S1', 'timestamp': 1746296503.080106, 'temperature': 25.02, 'humidity': 62.06, 'average': 22.64, 'std_dev': 1.71, 'anomaly_flag': False, 'processed_timestamp': 1746296503.083305}]
[2025-05-03 21:21:45] [Dashboard] [INFO] Last 5 entries: [{'sensor_id': 'S1', 'timestamp': 1746296497.0626628, 'temperature': 20.08, 'humidity': 44.68, 'average': 20.9, 'std_dev': 2.18, 'anomaly_flag': False, 'processed_timestamp': 1746296497.064506}, {'sensor_id': 'S1', 'timestamp': 1746296499.070257, 'temperature': 21.6, 'humidity': 40.46, 'average': 20.81, 'std_dev': 2.14, 'anomaly_flag': False, 'processed_timestamp': 1746296499.0713758}, {'sensor_id': 'S1', 'timestamp': 1746296501.073793, 'temperature': 23.82, 'humidity': 68.61, 'average': 21.03, 'std_dev': 2.37, 'anomaly_flag': False, 'processed_timestamp': 1746296501.076878}, {'sensor_id': 'S1', 'timestamp': 1746296503.080106, 'temperature': 25.02, 'humidity': 62.06, 'average': 22.64, 'std_dev': 1.71, 'anomaly_flag': False, 'processed_timestamp': 1746296503.083305}, {'sensor_id': 'S1', 'timestamp': 1746296505.08573, 'temperature': 24.33, 'humidity': 69.07, 'average': 22.97, 'std_dev': 1.84, 'anomaly_flag': False, 'processed_timestamp': 1746296505.089453}]
[2025-05-03 21:21:47] [Dashboard] [INFO] Last 5 entries: [{'sensor_id': 'S1', 'timestamp': 1746296499.070257, 'temperature': 21.6, 'humidity': 40.46, 'average': 20.81, 'std_dev': 2.14, 'anomaly_flag': False, 'processed_timestamp': 1746296499.0713758}, {'sensor_id': 'S1', 'timestamp': 1746296501.073793, 'temperature': 23.82, 'humidity': 68.61, 'average': 21.03, 'std_dev': 2.37, 'anomaly_flag': False, 'processed_timestamp': 1746296501.076878}, {'sensor_id': 'S1', 'timestamp': 1746296503.080106, 'temperature': 25.02, 'humidity': 62.06, 'average': 22.64, 'std_dev': 1.71, 'anomaly_flag': False, 'processed_timestamp': 1746296503.083305}, {'sensor_id': 'S1', 'timestamp': 1746296505.08573, 'temperature': 24.33, 'humidity': 69.07, 'average': 22.97, 'std_dev': 1.84, 'anomaly_flag': False, 'processed_timestamp': 1746296505.089453}, {'sensor_id': 'S1', 'timestamp': 1746296507.095913, 'temperature': 22.29, 'humidity': 57.52, 'average': 23.41, 'std_dev': 1.28, 'anomaly_flag': False, 'processed_timestamp': 1746296507.0984352}]
[2025-05-03 21:21:49] [Dashboard] [INFO] Last 5 entries: [{'sensor_id': 'S1', 'timestamp': 1746296501.073793, 'temperature': 23.82, 'humidity': 68.61, 'average': 21.03, 'std_dev': 2.37, 'anomaly_flag': False, 'processed_timestamp': 1746296501.076878}, {'sensor_id': 'S1', 'timestamp': 1746296503.080106, 'temperature': 25.02, 'humidity': 62.06, 'average': 22.64, 'std_dev': 1.71, 'anomaly_flag': False, 'processed_timestamp': 1746296503.083305}, {'sensor_id': 'S1', 'timestamp': 1746296505.08573, 'temperature': 24.33, 'humidity': 69.07, 'average': 22.97, 'std_dev': 1.84, 'anomaly_flag': False, 'processed_timestamp': 1746296505.089453}, {'sensor_id': 'S1', 'timestamp': 1746296507.095913, 'temperature': 22.29, 'humidity': 57.52, 'average': 23.41, 'std_dev': 1.28, 'anomaly_flag': False, 'processed_timestamp': 1746296507.0984352}, {'sensor_id': 'S1', 'timestamp': 1746296509.10433, 'temperature': 26.47, 'humidity': 33.48, 'average': 24.39, 'std_dev': 1.38, 'anomaly_flag': False, 'processed_timestamp': 1746296509.107168}]
[2025-05-03 21:21:51] [Dashboard] [INFO] Last 5 entries: [{'sensor_id': 'S1', 'timestamp': 1746296503.080106, 'temperature': 25.02, 'humidity': 62.06, 'average': 22.64, 'std_dev': 1.71, 'anomaly_flag': False, 'processed_timestamp': 1746296503.083305}, {'sensor_id': 'S1', 'timestamp': 1746296505.08573, 'temperature': 24.33, 'humidity': 69.07, 'average': 22.97, 'std_dev': 1.84, 'anomaly_flag': False, 'processed_timestamp': 1746296505.089453}, {'sensor_id': 'S1', 'timestamp': 1746296507.095913, 'temperature': 22.29, 'humidity': 57.52, 'average': 23.41, 'std_dev': 1.28, 'anomaly_flag': False, 'processed_timestamp': 1746296507.0984352}, {'sensor_id': 'S1', 'timestamp': 1746296509.10433, 'temperature': 26.47, 'humidity': 33.48, 'average': 24.39, 'std_dev': 1.38, 'anomaly_flag': False, 'processed_timestamp': 1746296509.107168}, {'sensor_id': 'S1', 'timestamp': 1746296511.113488, 'temperature': 22.91, 'humidity': 55.64, 'average': 24.2, 'std_dev': 1.49, 'anomaly_flag': False, 'processed_timestamp': 1746296511.116322}]
[2025-05-03 21:21:53] [Dashboard] [INFO] Last 5 entries: [{'sensor_id': 'S1', 'timestamp': 1746296505.08573, 'temperature': 24.33, 'humidity': 69.07, 'average': 22.97, 'std_dev': 1.84, 'anomaly_flag': False, 'processed_timestamp': 1746296505.089453}, {'sensor_id': 'S1', 'timestamp': 1746296507.095913, 'temperature': 22.29, 'humidity': 57.52, 'average': 23.41, 'std_dev': 1.28, 'anomaly_flag': False, 'processed_timestamp': 1746296507.0984352}, {'sensor_id': 'S1', 'timestamp': 1746296509.10433, 'temperature': 26.47, 'humidity': 33.48, 'average': 24.39, 'std_dev': 1.38, 'anomaly_flag': False, 'processed_timestamp': 1746296509.107168}, {'sensor_id': 'S1', 'timestamp': 1746296511.113488, 'temperature': 22.91, 'humidity': 55.64, 'average': 24.2, 'std_dev': 1.49, 'anomaly_flag': False, 'processed_timestamp': 1746296511.116322}, {'sensor_id': 'S1', 'timestamp': 1746296513.117676, 'temperature': 18.71, 'humidity': 41.19, 'average': 22.94, 'std_dev': 2.56, 'anomaly_flag': False, 'processed_timestamp': 1746296513.1192589}]
[2025-05-03 21:21:55] [Dashboard] [INFO] Last 5 entries: [{'sensor_id': 'S1', 'timestamp': 1746296507.095913, 'temperature': 22.29, 'humidity': 57.52, 'average': 23.41, 'std_dev': 1.28, 'anomaly_flag': False, 'processed_timestamp': 1746296507.0984352}, {'sensor_id': 'S1', 'timestamp': 1746296509.10433, 'temperature': 26.47, 'humidity': 33.48, 'average': 24.39, 'std_dev': 1.38, 'anomaly_flag': False, 'processed_timestamp': 1746296509.107168}, {'sensor_id': 'S1', 'timestamp': 1746296511.113488, 'temperature': 22.91, 'humidity': 55.64, 'average': 24.2, 'std_dev': 1.49, 'anomaly_flag': False, 'processed_timestamp': 1746296511.116322}, {'sensor_id': 'S1', 'timestamp': 1746296513.117676, 'temperature': 18.71, 'humidity': 41.19, 'average': 22.94, 'std_dev': 2.56, 'anomaly_flag': False, 'processed_timestamp': 1746296513.1192589}, {'sensor_id': 'S1', 'timestamp': 1746296515.125004, 'temperature': 17.17, 'humidity': 58.18, 'average': 21.51, 'std_dev': 3.28, 'anomaly_flag': False, 'processed_timestamp': 1746296515.126954}]
[2025-05-03 21:21:57] [Dashboard] [INFO] Last 5 entries: [{'sensor_id': 'S1', 'timestamp': 1746296509.10433, 'temperature': 26.47, 'humidity': 33.48, 'average': 24.39, 'std_dev': 1.38, 'anomaly_flag': False, 'processed_timestamp': 1746296509.107168}, {'sensor_id': 'S1', 'timestamp': 1746296511.113488, 'temperature': 22.91, 'humidity': 55.64, 'average': 24.2, 'std_dev': 1.49, 'anomaly_flag': False, 'processed_timestamp': 1746296511.116322}, {'sensor_id': 'S1', 'timestamp': 1746296513.117676, 'temperature': 18.71, 'humidity': 41.19, 'average': 22.94, 'std_dev': 2.56, 'anomaly_flag': False, 'processed_timestamp': 1746296513.1192589}, {'sensor_id': 'S1', 'timestamp': 1746296515.125004, 'temperature': 17.17, 'humidity': 58.18, 'average': 21.51, 'std_dev': 3.28, 'anomaly_flag': False, 'processed_timestamp': 1746296515.126954}, {'sensor_id': 'S1', 'timestamp': 1746296517.132746, 'temperature': 26.74, 'humidity': 40.48, 'average': 22.4, 'std_dev': 3.91, 'anomaly_flag': False, 'processed_timestamp': 1746296517.134998}]
[2025-05-03 21:21:59] [Dashboard] [INFO] Last 5 entries: [{'sensor_id': 'S1', 'timestamp': 1746296511.113488, 'temperature': 22.91, 'humidity': 55.64, 'average': 24.2, 'std_dev': 1.49, 'anomaly_flag': False, 'processed_timestamp': 1746296511.116322}, {'sensor_id': 'S1', 'timestamp': 1746296513.117676, 'temperature': 18.71, 'humidity': 41.19, 'average': 22.94, 'std_dev': 2.56, 'anomaly_flag': False, 'processed_timestamp': 1746296513.1192589}, {'sensor_id': 'S1', 'timestamp': 1746296515.125004, 'temperature': 17.17, 'humidity': 58.18, 'average': 21.51, 'std_dev': 3.28, 'anomaly_flag': False, 'processed_timestamp': 1746296515.126954}, {'sensor_id': 'S1', 'timestamp': 1746296517.132746, 'temperature': 26.74, 'humidity': 40.48, 'average': 22.4, 'std_dev': 3.91, 'anomaly_flag': False, 'processed_timestamp': 1746296517.134998}, {'sensor_id': 'S1', 'timestamp': 1746296519.141116, 'temperature': 22.85, 'humidity': 42.48, 'average': 21.68, 'std_dev': 3.4, 'anomaly_flag': False, 'processed_timestamp': 1746296519.144192}]
[2025-05-03 21:22:01] [Dashboard] [INFO] Last 5 entries: [{'sensor_id': 'S1', 'timestamp': 1746296513.117676, 'temperature': 18.71, 'humidity': 41.19, 'average': 22.94, 'std_dev': 2.56, 'anomaly_flag': False, 'processed_timestamp': 1746296513.1192589}, {'sensor_id': 'S1', 'timestamp': 1746296515.125004, 'temperature': 17.17, 'humidity': 58.18, 'average': 21.51, 'std_dev': 3.28, 'anomaly_flag': False, 'processed_timestamp': 1746296515.126954}, {'sensor_id': 'S1', 'timestamp': 1746296517.132746, 'temperature': 26.74, 'humidity': 40.48, 'average': 22.4, 'std_dev': 3.91, 'anomaly_flag': False, 'processed_timestamp': 1746296517.134998}, {'sensor_id': 'S1', 'timestamp': 1746296519.141116, 'temperature': 22.85, 'humidity': 42.48, 'average': 21.68, 'std_dev': 3.4, 'anomaly_flag': False, 'processed_timestamp': 1746296519.144192}, {'sensor_id': 'S1', 'timestamp': 1746296521.149945, 'temperature': 15.55, 'humidity': 38.13, 'average': 20.2, 'std_dev': 4.07, 'anomaly_flag': False, 'processed_timestamp': 1746296521.152682}]
[2025-05-03 21:22:03] [Dashboard] [INFO] Last 5 entries: [{'sensor_id': 'S1', 'timestamp': 1746296515.125004, 'temperature': 17.17, 'humidity': 58.18, 'average': 21.51, 'std_dev': 3.28, 'anomaly_flag': False, 'processed_timestamp': 1746296515.126954}, {'sensor_id': 'S1', 'timestamp': 1746296517.132746, 'temperature': 26.74, 'humidity': 40.48, 'average': 22.4, 'std_dev': 3.91, 'anomaly_flag': False, 'processed_timestamp': 1746296517.134998}, {'sensor_id': 'S1', 'timestamp': 1746296519.141116, 'temperature': 22.85, 'humidity': 42.48, 'average': 21.68, 'std_dev': 3.4, 'anomaly_flag': False, 'processed_timestamp': 1746296519.144192}, {'sensor_id': 'S1', 'timestamp': 1746296521.149945, 'temperature': 15.55, 'humidity': 38.13, 'average': 20.2, 'std_dev': 4.07, 'anomaly_flag': False, 'processed_timestamp': 1746296521.152682}, {'sensor_id': 'S1', 'timestamp': 1746296523.1574569, 'temperature': 24.91, 'humidity': 34.16, 'average': 21.44, 'std_dev': 4.36, 'anomaly_flag': False, 'processed_timestamp': 1746296523.159992}]
[2025-05-03 21:22:05] [Dashboard] [INFO] Last 5 entries: [{'sensor_id': 'S1', 'timestamp': 1746296517.132746, 'temperature': 26.74, 'humidity': 40.48, 'average': 22.4, 'std_dev': 3.91, 'anomaly_flag': False, 'processed_timestamp': 1746296517.134998}, {'sensor_id': 'S1', 'timestamp': 1746296519.141116, 'temperature': 22.85, 'humidity': 42.48, 'average': 21.68, 'std_dev': 3.4, 'anomaly_flag': False, 'processed_timestamp': 1746296519.144192}, {'sensor_id': 'S1', 'timestamp': 1746296521.149945, 'temperature': 15.55, 'humidity': 38.13, 'average': 20.2, 'std_dev': 4.07, 'anomaly_flag': False, 'processed_timestamp': 1746296521.152682}, {'sensor_id': 'S1', 'timestamp': 1746296523.1574569, 'temperature': 24.91, 'humidity': 34.16, 'average': 21.44, 'std_dev': 4.36, 'anomaly_flag': False, 'processed_timestamp': 1746296523.159992}, {'sensor_id': 'S1', 'timestamp': 1746296525.1623812, 'temperature': 15.04, 'humidity': 47.28, 'average': 21.02, 'std_dev': 4.83, 'anomaly_flag': False, 'processed_timestamp': 1746296525.1632152}]
[2025-05-03 21:22:07] [Dashboard] [INFO] Last 5 entries: [{'sensor_id': 'S1', 'timestamp': 1746296519.141116, 'temperature': 22.85, 'humidity': 42.48, 'average': 21.68, 'std_dev': 3.4, 'anomaly_flag': False, 'processed_timestamp': 1746296519.144192}, {'sensor_id': 'S1', 'timestamp': 1746296521.149945, 'temperature': 15.55, 'humidity': 38.13, 'average': 20.2, 'std_dev': 4.07, 'anomaly_flag': False, 'processed_timestamp': 1746296521.152682}, {'sensor_id': 'S1', 'timestamp': 1746296523.1574569, 'temperature': 24.91, 'humidity': 34.16, 'average': 21.44, 'std_dev': 4.36, 'anomaly_flag': False, 'processed_timestamp': 1746296523.159992}, {'sensor_id': 'S1', 'timestamp': 1746296525.1623812, 'temperature': 15.04, 'humidity': 47.28, 'average': 21.02, 'std_dev': 4.83, 'anomaly_flag': False, 'processed_timestamp': 1746296525.1632152}, {'sensor_id': 'S1', 'timestamp': 1746296527.168693, 'temperature': 20.47, 'humidity': 30.55, 'average': 19.76, 'std_dev': 3.91, 'anomaly_flag': False, 'processed_timestamp': 1746296527.1723032}]
[2025-05-03 21:22:09] [Dashboard] [INFO] Last 5 entries: [{'sensor_id': 'S1', 'timestamp': 1746296521.149945, 'temperature': 15.55, 'humidity': 38.13, 'average': 20.2, 'std_dev': 4.07, 'anomaly_flag': False, 'processed_timestamp': 1746296521.152682}, {'sensor_id': 'S1', 'timestamp': 1746296523.1574569, 'temperature': 24.91, 'humidity': 34.16, 'average': 21.44, 'std_dev': 4.36, 'anomaly_flag': False, 'processed_timestamp': 1746296523.159992}, {'sensor_id': 'S1', 'timestamp': 1746296525.1623812, 'temperature': 15.04, 'humidity': 47.28, 'average': 21.02, 'std_dev': 4.83, 'anomaly_flag': False, 'processed_timestamp': 1746296525.1632152}, {'sensor_id': 'S1', 'timestamp': 1746296527.168693, 'temperature': 20.47, 'humidity': 30.55, 'average': 19.76, 'std_dev': 3.91, 'anomaly_flag': False, 'processed_timestamp': 1746296527.1723032}, {'sensor_id': 'S1', 'timestamp': 1746296529.17437, 'temperature': 17.25, 'humidity': 59.22, 'average': 18.64, 'std_dev': 3.66, 'anomaly_flag': False, 'processed_timestamp': 1746296529.177616}]
[2025-05-03 21:22:11] [Dashboard] [INFO] Last 5 entries: [{'sensor_id': 'S1', 'timestamp': 1746296523.1574569, 'temperature': 24.91, 'humidity': 34.16, 'average': 21.44, 'std_dev': 4.36, 'anomaly_flag': False, 'processed_timestamp': 1746296523.159992}, {'sensor_id': 'S1', 'timestamp': 1746296525.1623812, 'temperature': 15.04, 'humidity': 47.28, 'average': 21.02, 'std_dev': 4.83, 'anomaly_flag': False, 'processed_timestamp': 1746296525.1632152}, {'sensor_id': 'S1', 'timestamp': 1746296527.168693, 'temperature': 20.47, 'humidity': 30.55, 'average': 19.76, 'std_dev': 3.91, 'anomaly_flag': False, 'processed_timestamp': 1746296527.1723032}, {'sensor_id': 'S1', 'timestamp': 1746296529.17437, 'temperature': 17.25, 'humidity': 59.22, 'average': 18.64, 'std_dev': 3.66, 'anomaly_flag': False, 'processed_timestamp': 1746296529.177616}, {'sensor_id': 'S1', 'timestamp': 1746296531.183645, 'temperature': 17.64, 'humidity': 55.36, 'average': 19.06, 'std_dev': 3.4, 'anomaly_flag': False, 'processed_timestamp': 1746296531.1867661}]
[2025-05-03 21:22:13] [Dashboard] [INFO] Last 5 entries: [{'sensor_id': 'S1', 'timestamp': 1746296525.1623812, 'temperature': 15.04, 'humidity': 47.28, 'average': 21.02, 'std_dev': 4.83, 'anomaly_flag': False, 'processed_timestamp': 1746296525.1632152}, {'sensor_id': 'S1', 'timestamp': 1746296527.168693, 'temperature': 20.47, 'humidity': 30.55, 'average': 19.76, 'std_dev': 3.91, 'anomaly_flag': False, 'processed_timestamp': 1746296527.1723032}, {'sensor_id': 'S1', 'timestamp': 1746296529.17437, 'temperature': 17.25, 'humidity': 59.22, 'average': 18.64, 'std_dev': 3.66, 'anomaly_flag': False, 'processed_timestamp': 1746296529.177616}, {'sensor_id': 'S1', 'timestamp': 1746296531.183645, 'temperature': 17.64, 'humidity': 55.36, 'average': 19.06, 'std_dev': 3.4, 'anomaly_flag': False, 'processed_timestamp': 1746296531.1867661}, {'sensor_id': 'S1', 'timestamp': 1746296533.192703, 'temperature': 19.05, 'humidity': 62.7, 'average': 17.89, 'std_dev': 1.82, 'anomaly_flag': False, 'processed_timestamp': 1746296533.195562}]
[2025-05-03 21:22:15] [Dashboard] [INFO] Last 5 entries: [{'sensor_id': 'S1', 'timestamp': 1746296527.168693, 'temperature': 20.47, 'humidity': 30.55, 'average': 19.76, 'std_dev': 3.91, 'anomaly_flag': False, 'processed_timestamp': 1746296527.1723032}, {'sensor_id': 'S1', 'timestamp': 1746296529.17437, 'temperature': 17.25, 'humidity': 59.22, 'average': 18.64, 'std_dev': 3.66, 'anomaly_flag': False, 'processed_timestamp': 1746296529.177616}, {'sensor_id': 'S1', 'timestamp': 1746296531.183645, 'temperature': 17.64, 'humidity': 55.36, 'average': 19.06, 'std_dev': 3.4, 'anomaly_flag': False, 'processed_timestamp': 1746296531.1867661}, {'sensor_id': 'S1', 'timestamp': 1746296533.192703, 'temperature': 19.05, 'humidity': 62.7, 'average': 17.89, 'std_dev': 1.82, 'anomaly_flag': False, 'processed_timestamp': 1746296533.195562}, {'sensor_id': 'S1', 'timestamp': 1746296535.201507, 'temperature': 20.52, 'humidity': 63.31, 'average': 18.99, 'std_dev': 1.37, 'anomaly_flag': False, 'processed_timestamp': 1746296535.202358}]
[2025-05-03 21:22:17] [Dashboard] [INFO] Last 5 entries: [{'sensor_id': 'S1', 'timestamp': 1746296529.17437, 'temperature': 17.25, 'humidity': 59.22, 'average': 18.64, 'std_dev': 3.66, 'anomaly_flag': False, 'processed_timestamp': 1746296529.177616}, {'sensor_id': 'S1', 'timestamp': 1746296531.183645, 'temperature': 17.64, 'humidity': 55.36, 'average': 19.06, 'std_dev': 3.4, 'anomaly_flag': False, 'processed_timestamp': 1746296531.1867661}, {'sensor_id': 'S1', 'timestamp': 1746296533.192703, 'temperature': 19.05, 'humidity': 62.7, 'average': 17.89, 'std_dev': 1.82, 'anomaly_flag': False, 'processed_timestamp': 1746296533.195562}, {'sensor_id': 'S1', 'timestamp': 1746296535.201507, 'temperature': 20.52, 'humidity': 63.31, 'average': 18.99, 'std_dev': 1.37, 'anomaly_flag': False, 'processed_timestamp': 1746296535.202358}, {'sensor_id': 'S1', 'timestamp': 1746296537.2078469, 'temperature': 21.94, 'humidity': 57.86, 'average': 19.28, 'std_dev': 1.76, 'anomaly_flag': False, 'processed_timestamp': 1746296537.2104042}]
[2025-05-03 21:22:19] [Dashboard] [INFO] Last 5 entries: [{'sensor_id': 'S1', 'timestamp': 1746296531.183645, 'temperature': 17.64, 'humidity': 55.36, 'average': 19.06, 'std_dev': 3.4, 'anomaly_flag': False, 'processed_timestamp': 1746296531.1867661}, {'sensor_id': 'S1', 'timestamp': 1746296533.192703, 'temperature': 19.05, 'humidity': 62.7, 'average': 17.89, 'std_dev': 1.82, 'anomaly_flag': False, 'processed_timestamp': 1746296533.195562}, {'sensor_id': 'S1', 'timestamp': 1746296535.201507, 'temperature': 20.52, 'humidity': 63.31, 'average': 18.99, 'std_dev': 1.37, 'anomaly_flag': False, 'processed_timestamp': 1746296535.202358}, {'sensor_id': 'S1', 'timestamp': 1746296537.2078469, 'temperature': 21.94, 'humidity': 57.86, 'average': 19.28, 'std_dev': 1.76, 'anomaly_flag': False, 'processed_timestamp': 1746296537.2104042}, {'sensor_id': 'S1', 'timestamp': 1746296539.2154791, 'temperature': 18.77, 'humidity': 38.31, 'average': 19.58, 'std_dev': 1.49, 'anomaly_flag': False, 'processed_timestamp': 1746296539.219083}]
[2025-05-03 21:22:21] [Dashboard] [INFO] Last 5 entries: [{'sensor_id': 'S1', 'timestamp': 1746296533.192703, 'temperature': 19.05, 'humidity': 62.7, 'average': 17.89, 'std_dev': 1.82, 'anomaly_flag': False, 'processed_timestamp': 1746296533.195562}, {'sensor_id': 'S1', 'timestamp': 1746296535.201507, 'temperature': 20.52, 'humidity': 63.31, 'average': 18.99, 'std_dev': 1.37, 'anomaly_flag': False, 'processed_timestamp': 1746296535.202358}, {'sensor_id': 'S1', 'timestamp': 1746296537.2078469, 'temperature': 21.94, 'humidity': 57.86, 'average': 19.28, 'std_dev': 1.76, 'anomaly_flag': False, 'processed_timestamp': 1746296537.2104042}, {'sensor_id': 'S1', 'timestamp': 1746296539.2154791, 'temperature': 18.77, 'humidity': 38.31, 'average': 19.58, 'std_dev': 1.49, 'anomaly_flag': False, 'processed_timestamp': 1746296539.219083}, {'sensor_id': 'S1', 'timestamp': 1746296541.223117, 'temperature': 18.6, 'humidity': 45.61, 'average': 19.78, 'std_dev': 1.28, 'anomaly_flag': False, 'processed_timestamp': 1746296541.224247}]
[2025-05-03 21:22:23] [Dashboard] [INFO] Last 5 entries: [{'sensor_id': 'S1', 'timestamp': 1746296535.201507, 'temperature': 20.52, 'humidity': 63.31, 'average': 18.99, 'std_dev': 1.37, 'anomaly_flag': False, 'processed_timestamp': 1746296535.202358}, {'sensor_id': 'S1', 'timestamp': 1746296537.2078469, 'temperature': 21.94, 'humidity': 57.86, 'average': 19.28, 'std_dev': 1.76, 'anomaly_flag': False, 'processed_timestamp': 1746296537.2104042}, {'sensor_id': 'S1', 'timestamp': 1746296539.2154791, 'temperature': 18.77, 'humidity': 38.31, 'average': 19.58, 'std_dev': 1.49, 'anomaly_flag': False, 'processed_timestamp': 1746296539.219083}, {'sensor_id': 'S1', 'timestamp': 1746296541.223117, 'temperature': 18.6, 'humidity': 45.61, 'average': 19.78, 'std_dev': 1.28, 'anomaly_flag': False, 'processed_timestamp': 1746296541.224247}, {'sensor_id': 'S1', 'timestamp': 1746296543.23007, 'temperature': 28.65, 'humidity': 66.4, 'average': 21.7, 'std_dev': 3.69, 'anomaly_flag': False, 'processed_timestamp': 1746296543.232735}]
[2025-05-03 21:22:25] [Dashboard] [INFO] Last 5 entries: [{'sensor_id': 'S1', 'timestamp': 1746296537.2078469, 'temperature': 21.94, 'humidity': 57.86, 'average': 19.28, 'std_dev': 1.76, 'anomaly_flag': False, 'processed_timestamp': 1746296537.2104042}, {'sensor_id': 'S1', 'timestamp': 1746296539.2154791, 'temperature': 18.77, 'humidity': 38.31, 'average': 19.58, 'std_dev': 1.49, 'anomaly_flag': False, 'processed_timestamp': 1746296539.219083}, {'sensor_id': 'S1', 'timestamp': 1746296541.223117, 'temperature': 18.6, 'humidity': 45.61, 'average': 19.78, 'std_dev': 1.28, 'anomaly_flag': False, 'processed_timestamp': 1746296541.224247}, {'sensor_id': 'S1', 'timestamp': 1746296543.23007, 'temperature': 28.65, 'humidity': 66.4, 'average': 21.7, 'std_dev': 3.69, 'anomaly_flag': False, 'processed_timestamp': 1746296543.232735}, {'sensor_id': 'S1', 'timestamp': 1746296545.2393842, 'temperature': 16.11, 'humidity': 61.74, 'average': 20.81, 'std_dev': 4.33, 'anomaly_flag': False, 'processed_timestamp': 1746296545.2405388}]
